[2025-12-12/16/25 15-12-43] - logging:112 - [INFO - Логгер root_bot создан]
[2025-12-12/16/25 15-12-44] - main:47 - [INFO - Приложение запущено (Windows mode)]
[2025-12-12/16/25 15-14-58] - main:53 - [INFO - Приложение завершает работу]
[2025-12-12/16/25 15-14-58] - main:63 - [INFO - Приложение завершило работу корректно]
[2025-12-12/16/25 15-14-58] - main:19 - [INFO - Приложение остановлено вручную (Ctrl+C)]
[2025-12-12/16/25 15-15-09] - logging:112 - [INFO - Логгер root_bot создан]
[2025-12-12/16/25 15-15-09] - main:47 - [INFO - Приложение запущено (Windows mode)]
[2025-12-12/16/25 15-20-16] - main:19 - [INFO - Приложение остановлено вручную (Ctrl+C)]
[2025-12-12/16/25 15-20-16] - main:53 - [INFO - Приложение завершает работу]
[2025-12-12/16/25 15-20-16] - main:63 - [INFO - Приложение завершило работу корректно]
[2025-12-12/16/25 15-20-28] - logging:112 - [INFO - Логгер root_bot создан]
[2025-12-12/16/25 15-20-28] - main:47 - [INFO - Приложение запущено (Windows mode)]
[2025-12-12/16/25 15-22-03] - main:53 - [INFO - Приложение завершает работу]
[2025-12-12/16/25 15-22-03] - main:63 - [INFO - Приложение завершило работу корректно]
[2025-12-12/16/25 15-22-03] - main:19 - [INFO - Приложение остановлено вручную (Ctrl+C)]
[2025-12-12/16/25 15-22-17] - logging:112 - [INFO - Логгер root_bot создан]
[2025-12-12/16/25 15-22-17] - main:47 - [INFO - Приложение запущено (Windows mode)]
[2025-12-12/16/25 15-22-40] - main:53 - [INFO - Приложение завершает работу]
[2025-12-12/16/25 15-22-40] - main:63 - [INFO - Приложение завершило работу корректно]
[2025-12-12/16/25 15-22-40] - main:19 - [INFO - Приложение остановлено вручную (Ctrl+C)]
[2025-12-12/16/25 15-25-59] - logging:112 - [INFO - Логгер root_bot создан]
[2025-12-12/16/25 15-25-59] - main:47 - [INFO - Приложение запущено (Windows mode)]
[2025-12-12/16/25 15-28-50] - main:53 - [INFO - Приложение завершает работу]
[2025-12-12/16/25 15-28-50] - main:63 - [INFO - Приложение завершило работу корректно]
[2025-12-12/16/25 15-28-50] - main:19 - [INFO - Приложение остановлено вручную (Ctrl+C)]
[2025-12-12/16/25 15-29-42] - logging:112 - [INFO - Логгер root_bot создан]
[2025-12-12/16/25 15-29-42] - main:47 - [INFO - Приложение запущено (Windows mode)]
[2025-12-12/16/25 15-30-25] - main:19 - [INFO - Приложение остановлено вручную (Ctrl+C)]
[2025-12-12/16/25 15-30-25] - main:53 - [INFO - Приложение завершает работу]
[2025-12-12/16/25 15-30-25] - main:63 - [INFO - Приложение завершило работу корректно]
[2025-12-12/16/25 15-31-32] - logging:112 - [INFO - Логгер root_bot создан]
[2025-12-12/16/25 15-31-32] - main:47 - [INFO - Приложение запущено (Windows mode)]
[2025-12-12/16/25 15-34-00] - main:19 - [INFO - Приложение остановлено вручную (Ctrl+C)]
[2025-12-12/16/25 15-34-00] - main:53 - [INFO - Приложение завершает работу]
[2025-12-12/16/25 15-34-00] - main:63 - [INFO - Приложение завершило работу корректно]
[2025-12-12/16/25 15-34-10] - logging:112 - [INFO - Логгер root_bot создан]
[2025-12-12/16/25 15-34-10] - main:47 - [INFO - Приложение запущено (Windows mode)]
[2025-12-12/16/25 15-37-17] - main:53 - [INFO - Приложение завершает работу]
[2025-12-12/16/25 15-37-17] - main:63 - [INFO - Приложение завершило работу корректно]
[2025-12-12/16/25 15-37-17] - main:19 - [INFO - Приложение остановлено вручную (Ctrl+C)]
[2025-12-12/17/25 13-06-26] - logging:112 - [INFO - Логгер root_bot создан]
[2025-12-12/17/25 13-36-58] - logging:112 - [INFO - Логгер root_bot создан]
[2025-12-12/17/25 13-36-58] - main:47 - [INFO - Приложение запущено (Windows mode)]
[2025-12-12/17/25 13-37-09] - main:53 - [INFO - Приложение завершает работу]
[2025-12-12/17/25 13-37-09] - main:63 - [INFO - Приложение завершило работу корректно]
[2025-12-12/17/25 13-37-09] - main:19 - [INFO - Приложение остановлено вручную (Ctrl+C)]
[2025-12-12/17/25 14-13-01] - logging:112 - [INFO - Логгер root_bot создан]
[2025-12-12/17/25 14-13-02] - main:47 - [INFO - Приложение запущено (Windows mode)]
[2025-12-12/17/25 14-13-13] - main:53 - [INFO - Приложение завершает работу]
[2025-12-12/17/25 14-13-13] - main:63 - [INFO - Приложение завершило работу корректно]
[2025-12-12/17/25 14-13-13] - main:19 - [INFO - Приложение остановлено вручную (Ctrl+C)]
[2025-12-12/17/25 14-14-25] - logging:112 - [INFO - Логгер root_bot создан]
[2025-12-12/17/25 14-14-25] - main:47 - [INFO - Приложение запущено (Windows mode)]
[2025-12-12/17/25 14-17-16] - main:19 - [INFO - Приложение остановлено вручную (Ctrl+C)]
[2025-12-12/17/25 14-17-16] - main:53 - [INFO - Приложение завершает работу]
[2025-12-12/17/25 14-17-16] - main:63 - [INFO - Приложение завершило работу корректно]
[2025-12-12/17/25 14-17-27] - logging:112 - [INFO - Логгер root_bot создан]
[2025-12-12/17/25 14-17-27] - main:47 - [INFO - Приложение запущено (Windows mode)]
[2025-12-12/17/25 14-25-36] - main:53 - [INFO - Приложение завершает работу]
[2025-12-12/17/25 14-25-36] - main:63 - [INFO - Приложение завершило работу корректно]
[2025-12-12/17/25 14-25-36] - main:19 - [INFO - Приложение остановлено вручную (Ctrl+C)]
[2025-12-12/17/25 14-31-25] - logging:112 - [INFO - Логгер root_bot создан]
[2025-12-12/17/25 14-31-25] - main:47 - [INFO - Приложение запущено (Windows mode)]
[2025-12-12/17/25 14-32-06] - main:53 - [INFO - Приложение завершает работу]
[2025-12-12/17/25 14-32-06] - main:63 - [INFO - Приложение завершило работу корректно]
[2025-12-12/17/25 14-32-06] - main:19 - [INFO - Приложение остановлено вручную (Ctrl+C)]
[2025-12-12/17/25 14-32-18] - logging:112 - [INFO - Логгер root_bot создан]
[2025-12-12/17/25 14-32-18] - main:47 - [INFO - Приложение запущено (Windows mode)]
[2025-12-12/17/25 14-35-04] - main:19 - [INFO - Приложение остановлено вручную (Ctrl+C)]
[2025-12-12/17/25 14-35-04] - main:53 - [INFO - Приложение завершает работу]
[2025-12-12/17/25 14-35-04] - main:63 - [INFO - Приложение завершило работу корректно]
[2025-12-12/17/25 14-35-12] - logging:112 - [INFO - Логгер root_bot создан]
[2025-12-12/17/25 14-35-12] - main:47 - [INFO - Приложение запущено (Windows mode)]
[2025-12-12/17/25 15-01-00] - main:53 - [INFO - Приложение завершает работу]
[2025-12-12/17/25 15-01-00] - main:63 - [INFO - Приложение завершило работу корректно]
[2025-12-12/17/25 15-01-00] - main:19 - [INFO - Приложение остановлено вручную (Ctrl+C)]
[2025-12-12/17/25 15-01-12] - logging:112 - [INFO - Логгер root_bot создан]
[2025-12-12/17/25 15-01-12] - main:47 - [INFO - Приложение запущено (Windows mode)]
[2025-12-12/17/25 15-10-56] - main:53 - [INFO - Приложение завершает работу]
[2025-12-12/17/25 15-10-56] - main:63 - [INFO - Приложение завершило работу корректно]
[2025-12-12/17/25 15-10-56] - main:19 - [INFO - Приложение остановлено вручную (Ctrl+C)]
[2025-12-12/17/25 15-11-08] - logging:112 - [INFO - Логгер root_bot создан]
[2025-12-12/17/25 15-11-08] - main:47 - [INFO - Приложение запущено (Windows mode)]
[2025-12-12/17/25 15-11-56] - main:53 - [INFO - Приложение завершает работу]
[2025-12-12/17/25 15-11-56] - main:63 - [INFO - Приложение завершило работу корректно]
[2025-12-12/17/25 15-11-56] - main:19 - [INFO - Приложение остановлено вручную (Ctrl+C)]
[2025-12-12/17/25 15-12-07] - logging:112 - [INFO - Логгер root_bot создан]
[2025-12-12/17/25 15-12-07] - main:47 - [INFO - Приложение запущено (Windows mode)]
[2025-12-12/17/25 15-13-02] - main:53 - [INFO - Приложение завершает работу]
[2025-12-12/17/25 15-13-02] - main:63 - [INFO - Приложение завершило работу корректно]
[2025-12-12/17/25 15-13-02] - main:19 - [INFO - Приложение остановлено вручную (Ctrl+C)]
[2025-12-12/17/25 19-15-59] - logging:112 - [INFO - Логгер root_bot создан]
[2025-12-12/17/25 19-16-00] - main:47 - [INFO - Приложение запущено (Windows mode)]
[2025-12-12/17/25 19-18-42] - main:19 - [INFO - Приложение остановлено вручную (Ctrl+C)]
[2025-12-12/17/25 19-18-42] - main:53 - [INFO - Приложение завершает работу]
[2025-12-12/17/25 19-18-42] - main:63 - [INFO - Приложение завершило работу корректно]
[2025-12-12/17/25 19-20-10] - logging:112 - [INFO - Логгер root_bot создан]
[2025-12-12/17/25 19-20-10] - main:47 - [INFO - Приложение запущено (Windows mode)]
[2025-12-12/17/25 19-21-40] - main:53 - [INFO - Приложение завершает работу]
[2025-12-12/17/25 19-21-40] - main:63 - [INFO - Приложение завершило работу корректно]
[2025-12-12/17/25 19-21-40] - main:19 - [INFO - Приложение остановлено вручную (Ctrl+C)]
[2025-12-12/17/25 19-21-49] - logging:112 - [INFO - Логгер root_bot создан]
[2025-12-12/17/25 19-21-49] - main:47 - [INFO - Приложение запущено (Windows mode)]
[2025-12-12/17/25 19-24-18] - main:53 - [INFO - Приложение завершает работу]
[2025-12-12/17/25 19-24-18] - main:63 - [INFO - Приложение завершило работу корректно]
[2025-12-12/17/25 19-24-18] - main:19 - [INFO - Приложение остановлено вручную (Ctrl+C)]
[2025-12-12/17/25 19-24-28] - logging:112 - [INFO - Логгер root_bot создан]
[2025-12-12/17/25 19-24-29] - main:47 - [INFO - Приложение запущено (Windows mode)]
[2025-12-12/17/25 19-24-40] - main:53 - [INFO - Приложение завершает работу]
[2025-12-12/17/25 19-24-40] - main:63 - [INFO - Приложение завершило работу корректно]
[2025-12-12/17/25 19-24-40] - main:19 - [INFO - Приложение остановлено вручную (Ctrl+C)]
[2025-12-12/17/25 19-26-00] - logging:112 - [INFO - Логгер root_bot создан]
[2025-12-12/17/25 19-26-00] - main:47 - [INFO - Приложение запущено (Windows mode)]
[2025-12-12/17/25 19-34-03] - main:53 - [INFO - Приложение завершает работу]
[2025-12-12/17/25 19-34-03] - main:63 - [INFO - Приложение завершило работу корректно]
[2025-12-12/17/25 19-34-03] - main:19 - [INFO - Приложение остановлено вручную (Ctrl+C)]
[2025-12-12/17/25 19-34-14] - logging:112 - [INFO - Логгер root_bot создан]
[2025-12-12/17/25 19-34-14] - main:47 - [INFO - Приложение запущено (Windows mode)]
[2025-12-12/17/25 19-35-26] - main:53 - [INFO - Приложение завершает работу]
[2025-12-12/17/25 19-35-26] - main:63 - [INFO - Приложение завершило работу корректно]
[2025-12-12/17/25 19-35-26] - main:19 - [INFO - Приложение остановлено вручную (Ctrl+C)]
[2025-12-12/17/25 19-35-39] - logging:112 - [INFO - Логгер root_bot создан]
[2025-12-12/17/25 19-35-39] - main:47 - [INFO - Приложение запущено (Windows mode)]
[2025-12-12/17/25 20-12-09] - main:53 - [INFO - Приложение завершает работу]
[2025-12-12/17/25 20-12-09] - main:63 - [INFO - Приложение завершило работу корректно]
[2025-12-12/17/25 20-12-09] - main:19 - [INFO - Приложение остановлено вручную (Ctrl+C)]
[2025-12-12/17/25 20-12-19] - logging:112 - [INFO - Логгер root_bot создан]
[2025-12-12/17/25 20-12-19] - main:47 - [INFO - Приложение запущено (Windows mode)]
[2025-12-12/17/25 20-18-13] - main:53 - [INFO - Приложение завершает работу]
[2025-12-12/17/25 20-18-13] - main:63 - [INFO - Приложение завершило работу корректно]
[2025-12-12/17/25 20-18-13] - main:19 - [INFO - Приложение остановлено вручную (Ctrl+C)]
[2025-12-12/17/25 20-18-23] - logging:112 - [INFO - Логгер root_bot создан]
[2025-12-12/17/25 20-18-23] - main:47 - [INFO - Приложение запущено (Windows mode)]
[2025-12-12/17/25 20-18-45] - main:53 - [INFO - Приложение завершает работу]
[2025-12-12/17/25 20-18-45] - main:63 - [INFO - Приложение завершило работу корректно]
[2025-12-12/17/25 20-18-45] - main:19 - [INFO - Приложение остановлено вручную (Ctrl+C)]
[2025-12-12/17/25 20-19-08] - logging:112 - [INFO - Логгер root_bot создан]
[2025-12-12/17/25 20-19-08] - main:47 - [INFO - Приложение запущено (Windows mode)]
[2025-12-12/17/25 20-23-03] - main:53 - [INFO - Приложение завершает работу]
[2025-12-12/17/25 20-23-03] - main:63 - [INFO - Приложение завершило работу корректно]
[2025-12-12/17/25 20-23-03] - main:19 - [INFO - Приложение остановлено вручную (Ctrl+C)]
[2025-12-12/17/25 20-24-55] - logging:112 - [INFO - Логгер root_bot создан]
[2025-12-12/17/25 20-24-55] - main:47 - [INFO - Приложение запущено (Windows mode)]
[2025-12-12/18/25 12-13-16] - logging:112 - [INFO - Логгер root_bot создан]
[2025-12-12/18/25 12-13-16] - main:47 - [INFO - Приложение запущено (Windows mode)]
[2025-12-12/18/25 12-14-16] - main:53 - [INFO - Приложение завершает работу]
[2025-12-12/18/25 12-14-16] - main:63 - [INFO - Приложение завершило работу корректно]
[2025-12-12/18/25 12-14-16] - main:19 - [INFO - Приложение остановлено вручную (Ctrl+C)]
[2025-12-12/18/25 12-14-28] - logging:112 - [INFO - Логгер root_bot создан]
[2025-12-12/18/25 12-14-28] - main:47 - [INFO - Приложение запущено (Windows mode)]
[2025-12-12/18/25 12-17-36] - main:53 - [INFO - Приложение завершает работу]
[2025-12-12/18/25 12-17-36] - main:63 - [INFO - Приложение завершило работу корректно]
[2025-12-12/18/25 12-17-36] - main:19 - [INFO - Приложение остановлено вручную (Ctrl+C)]
[2025-12-12/18/25 12-17-49] - logging:112 - [INFO - Логгер root_bot создан]
[2025-12-12/18/25 12-17-49] - main:47 - [INFO - Приложение запущено (Windows mode)]
[2025-12-12/18/25 12-18-01] - main:53 - [INFO - Приложение завершает работу]
[2025-12-12/18/25 12-18-01] - main:63 - [INFO - Приложение завершило работу корректно]
[2025-12-12/18/25 12-18-01] - main:19 - [INFO - Приложение остановлено вручную (Ctrl+C)]
[2025-12-12/18/25 12-18-10] - logging:112 - [INFO - Логгер root_bot создан]
[2025-12-12/18/25 12-18-10] - main:47 - [INFO - Приложение запущено (Windows mode)]
[2025-12-12/18/25 12-18-26] - main:53 - [INFO - Приложение завершает работу]
[2025-12-12/18/25 12-18-26] - main:63 - [INFO - Приложение завершило работу корректно]
[2025-12-12/18/25 12-18-26] - main:19 - [INFO - Приложение остановлено вручную (Ctrl+C)]
[2025-12-12/18/25 12-23-15] - logging:112 - [INFO - Логгер root_bot создан]
[2025-12-12/18/25 12-23-15] - main:47 - [INFO - Приложение запущено (Windows mode)]
[2025-12-12/18/25 12-23-39] - main:19 - [INFO - Приложение остановлено вручную (Ctrl+C)]
[2025-12-12/18/25 12-23-41] - main:53 - [INFO - Приложение завершает работу]
[2025-12-12/18/25 12-23-41] - main:63 - [INFO - Приложение завершило работу корректно]
[2025-12-12/18/25 12-24-30] - logging:112 - [INFO - Логгер root_bot создан]
[2025-12-12/18/25 12-24-30] - main:47 - [INFO - Приложение запущено (Windows mode)]
[2025-12-12/18/25 12-29-37] - main:53 - [INFO - Приложение завершает работу]
[2025-12-12/18/25 12-29-37] - main:63 - [INFO - Приложение завершило работу корректно]
[2025-12-12/18/25 12-29-37] - main:19 - [INFO - Приложение остановлено вручную (Ctrl+C)]
[2025-12-12/18/25 12-41-53] - logging:112 - [INFO - Логгер root_bot создан]
[2025-12-12/18/25 12-41-53] - main:47 - [INFO - Приложение запущено (Windows mode)]
[2025-12-12/18/25 12-56-10] - main:19 - [INFO - Приложение остановлено вручную (Ctrl+C)]
[2025-12-12/18/25 12-56-10] - main:53 - [INFO - Приложение завершает работу]
[2025-12-12/18/25 12-56-10] - main:63 - [INFO - Приложение завершило работу корректно]
[2025-12-12/18/25 12-56-20] - logging:112 - [INFO - Логгер root_bot создан]
[2025-12-12/18/25 12-56-20] - main:47 - [INFO - Приложение запущено (Windows mode)]
[2025-12-12/18/25 12-57-18] - main:53 - [INFO - Приложение завершает работу]
[2025-12-12/18/25 12-57-18] - main:63 - [INFO - Приложение завершило работу корректно]
[2025-12-12/18/25 12-57-18] - main:19 - [INFO - Приложение остановлено вручную (Ctrl+C)]
[2025-12-12/18/25 12-57-26] - logging:112 - [INFO - Логгер root_bot создан]
[2025-12-12/18/25 12-57-26] - main:47 - [INFO - Приложение запущено (Windows mode)]
[2025-12-12/18/25 13-17-41] - main:53 - [INFO - Приложение завершает работу]
[2025-12-12/18/25 13-17-41] - main:63 - [INFO - Приложение завершило работу корректно]
[2025-12-12/18/25 13-17-41] - main:19 - [INFO - Приложение остановлено вручную (Ctrl+C)]
[2025-12-12/18/25 13-17-50] - logging:112 - [INFO - Логгер root_bot создан]
[2025-12-12/18/25 13-17-50] - main:47 - [INFO - Приложение запущено (Windows mode)]
[2025-12-12/18/25 13-18-40] - main:53 - [INFO - Приложение завершает работу]
[2025-12-12/18/25 13-18-40] - main:63 - [INFO - Приложение завершило работу корректно]
[2025-12-12/18/25 13-18-40] - main:19 - [INFO - Приложение остановлено вручную (Ctrl+C)]
[2025-12-12/18/25 13-18-49] - logging:112 - [INFO - Логгер root_bot создан]
[2025-12-12/18/25 13-18-49] - main:47 - [INFO - Приложение запущено (Windows mode)]
[2025-12-12/18/25 13-19-17] - main:53 - [INFO - Приложение завершает работу]
[2025-12-12/18/25 13-19-17] - main:63 - [INFO - Приложение завершило работу корректно]
[2025-12-12/18/25 13-19-17] - main:19 - [INFO - Приложение остановлено вручную (Ctrl+C)]
[2025-12-12/18/25 13-19-33] - logging:112 - [INFO - Логгер root_bot создан]
[2025-12-12/18/25 13-19-33] - main:47 - [INFO - Приложение запущено (Windows mode)]
[2025-12-12/18/25 13-31-40] - main:53 - [INFO - Приложение завершает работу]
[2025-12-12/18/25 13-31-40] - main:63 - [INFO - Приложение завершило работу корректно]
[2025-12-12/18/25 13-31-40] - main:19 - [INFO - Приложение остановлено вручную (Ctrl+C)]
[2025-12-12/18/25 13-31-51] - logging:112 - [INFO - Логгер root_bot создан]
[2025-12-12/18/25 13-31-51] - main:47 - [INFO - Приложение запущено (Windows mode)]
[2025-12-12/18/25 13-33-32] - main:19 - [INFO - Приложение остановлено вручную (Ctrl+C)]
[2025-12-12/18/25 13-33-33] - main:53 - [INFO - Приложение завершает работу]
[2025-12-12/18/25 13-33-33] - main:63 - [INFO - Приложение завершило работу корректно]
[2025-12-12/18/25 13-33-41] - logging:112 - [INFO - Логгер root_bot создан]
[2025-12-12/18/25 13-33-41] - main:47 - [INFO - Приложение запущено (Windows mode)]
[2025-12-12/18/25 13-37-28] - main:53 - [INFO - Приложение завершает работу]
[2025-12-12/18/25 13-37-28] - main:63 - [INFO - Приложение завершило работу корректно]
[2025-12-12/18/25 13-37-28] - main:19 - [INFO - Приложение остановлено вручную (Ctrl+C)]
[2025-12-12/18/25 13-38-19] - logging:112 - [INFO - Логгер root_bot создан]
[2025-12-12/18/25 13-38-19] - main:47 - [INFO - Приложение запущено (Windows mode)]
[2025-12-12/18/25 15-22-58] - logging:112 - [INFO - Логгер root_bot создан]
[2025-12-12/18/25 15-22-58] - main:47 - [INFO - Приложение запущено (Windows mode)]
[2025-12-12/18/25 15-39-23] - main:53 - [INFO - Приложение завершает работу]
[2025-12-12/18/25 15-39-23] - main:63 - [INFO - Приложение завершило работу корректно]
[2025-12-12/18/25 15-39-23] - main:19 - [INFO - Приложение остановлено вручную (Ctrl+C)]
[2025-12-12/18/25 15-50-10] - logging:112 - [INFO - Логгер root_bot создан]
[2025-12-12/18/25 15-50-10] - main:47 - [INFO - Приложение запущено (Windows mode)]
[2025-12-12/18/25 15-56-12] - main:53 - [INFO - Приложение завершает работу]
[2025-12-12/18/25 15-56-12] - main:63 - [INFO - Приложение завершило работу корректно]
[2025-12-12/18/25 15-56-12] - main:19 - [INFO - Приложение остановлено вручную (Ctrl+C)]
[2025-12-12/18/25 19-24-14] - logging:112 - [INFO - Логгер root_bot создан]
[2025-12-12/18/25 19-24-14] - main:47 - [INFO - Приложение запущено (Windows mode)]
[2025-12-12/18/25 19-27-55] - main:53 - [INFO - Приложение завершает работу]
[2025-12-12/18/25 19-27-55] - main:63 - [INFO - Приложение завершило работу корректно]
[2025-12-12/18/25 19-27-55] - main:19 - [INFO - Приложение остановлено вручную (Ctrl+C)]
[2025-12-12/18/25 19-28-32] - logging:112 - [INFO - Логгер root_bot создан]
[2025-12-12/18/25 19-28-32] - main:47 - [INFO - Приложение запущено (Windows mode)]
[2025-12-12/18/25 19-32-10] - main:53 - [INFO - Приложение завершает работу]
[2025-12-12/18/25 19-32-10] - main:63 - [INFO - Приложение завершило работу корректно]
[2025-12-12/18/25 19-32-10] - main:19 - [INFO - Приложение остановлено вручную (Ctrl+C)]
[2025-12-12/18/25 19-32-19] - logging:112 - [INFO - Логгер root_bot создан]
[2025-12-12/18/25 19-32-20] - main:47 - [INFO - Приложение запущено (Windows mode)]
[2025-12-12/18/25 19-40-38] - main:53 - [INFO - Приложение завершает работу]
[2025-12-12/18/25 19-40-38] - main:63 - [INFO - Приложение завершило работу корректно]
[2025-12-12/18/25 19-40-38] - main:19 - [INFO - Приложение остановлено вручную (Ctrl+C)]
[2025-12-12/18/25 19-40-50] - logging:112 - [INFO - Логгер root_bot создан]
[2025-12-12/18/25 19-40-50] - main:47 - [INFO - Приложение запущено (Windows mode)]
[2025-12-12/18/25 19-51-16] - main:53 - [INFO - Приложение завершает работу]
[2025-12-12/18/25 19-51-16] - main:63 - [INFO - Приложение завершило работу корректно]
[2025-12-12/18/25 19-51-16] - main:19 - [INFO - Приложение остановлено вручную (Ctrl+C)]
[2025-12-12/18/25 19-51-30] - logging:112 - [INFO - Логгер root_bot создан]
[2025-12-12/18/25 19-51-30] - main:47 - [INFO - Приложение запущено (Windows mode)]
[2025-12-12/18/25 19-52-01] - main:53 - [INFO - Приложение завершает работу]
[2025-12-12/18/25 19-52-01] - main:63 - [INFO - Приложение завершило работу корректно]
[2025-12-12/18/25 19-52-01] - main:19 - [INFO - Приложение остановлено вручную (Ctrl+C)]
[2025-12-12/18/25 19-52-11] - logging:112 - [INFO - Логгер root_bot создан]
[2025-12-12/18/25 19-52-11] - main:47 - [INFO - Приложение запущено (Windows mode)]
[2025-12-12/19/25 12-15-11] - logging:112 - [INFO - Логгер root_bot создан]
[2025-12-12/19/25 12-15-12] - main:47 - [INFO - Приложение запущено (Windows mode)]
[2025-12-12/19/25 12-16-07] - main:53 - [INFO - Приложение завершает работу]
[2025-12-12/19/25 12-16-07] - main:63 - [INFO - Приложение завершило работу корректно]
[2025-12-12/19/25 12-16-07] - main:19 - [INFO - Приложение остановлено вручную (Ctrl+C)]
[2025-12-12/19/25 12-16-19] - logging:112 - [INFO - Логгер root_bot создан]
[2025-12-12/19/25 12-16-19] - main:47 - [INFO - Приложение запущено (Windows mode)]
[2025-12-12/19/25 12-18-22] - main:53 - [INFO - Приложение завершает работу]
[2025-12-12/19/25 12-18-22] - main:63 - [INFO - Приложение завершило работу корректно]
[2025-12-12/19/25 12-18-22] - main:19 - [INFO - Приложение остановлено вручную (Ctrl+C)]
[2025-12-12/19/25 12-18-52] - logging:112 - [INFO - Логгер root_bot создан]
[2025-12-12/19/25 12-18-52] - main:47 - [INFO - Приложение запущено (Windows mode)]
[2025-12-12/19/25 12-20-44] - main:53 - [INFO - Приложение завершает работу]
[2025-12-12/19/25 12-20-44] - main:63 - [INFO - Приложение завершило работу корректно]
[2025-12-12/19/25 12-20-44] - main:19 - [INFO - Приложение остановлено вручную (Ctrl+C)]
[2025-12-12/19/25 12-20-53] - logging:112 - [INFO - Логгер root_bot создан]
[2025-12-12/19/25 12-20-53] - main:47 - [INFO - Приложение запущено (Windows mode)]
[2025-12-12/19/25 12-21-34] - main:53 - [INFO - Приложение завершает работу]
[2025-12-12/19/25 12-21-34] - main:63 - [INFO - Приложение завершило работу корректно]
[2025-12-12/19/25 12-21-34] - main:19 - [INFO - Приложение остановлено вручную (Ctrl+C)]
[2025-12-12/19/25 12-21-44] - logging:112 - [INFO - Логгер root_bot создан]
[2025-12-12/19/25 12-21-44] - main:47 - [INFO - Приложение запущено (Windows mode)]
[2025-12-12/19/25 13-38-13] - main:53 - [INFO - Приложение завершает работу]
[2025-12-12/19/25 13-38-13] - main:63 - [INFO - Приложение завершило работу корректно]
[2025-12-12/19/25 13-38-13] - main:19 - [INFO - Приложение остановлено вручную (Ctrl+C)]
[2025-12-12/19/25 13-38-40] - logging:112 - [INFO - Логгер root_bot создан]
[2025-12-12/19/25 13-38-40] - main:47 - [INFO - Приложение запущено (Windows mode)]
[2025-12-12/19/25 13-39-46] - main:53 - [INFO - Приложение завершает работу]
[2025-12-12/19/25 13-39-46] - main:63 - [INFO - Приложение завершило работу корректно]
[2025-12-12/19/25 13-39-46] - main:19 - [INFO - Приложение остановлено вручную (Ctrl+C)]
[2025-12-12/19/25 13-39-55] - logging:112 - [INFO - Логгер root_bot создан]
[2025-12-12/19/25 13-39-55] - main:47 - [INFO - Приложение запущено (Windows mode)]
[2025-12-12/19/25 13-40-42] - main:53 - [INFO - Приложение завершает работу]
[2025-12-12/19/25 13-40-42] - main:63 - [INFO - Приложение завершило работу корректно]
[2025-12-12/19/25 13-40-42] - main:19 - [INFO - Приложение остановлено вручную (Ctrl+C)]
[2025-12-12/19/25 13-42-44] - logging:112 - [INFO - Логгер root_bot создан]
[2025-12-12/19/25 13-42-44] - main:47 - [INFO - Приложение запущено (Windows mode)]
[2025-12-12/19/25 13-43-33] - main:19 - [INFO - Приложение остановлено вручную (Ctrl+C)]
[2025-12-12/19/25 13-43-41] - logging:112 - [INFO - Логгер root_bot создан]
[2025-12-12/19/25 13-43-41] - main:47 - [INFO - Приложение запущено (Windows mode)]
[2025-12-12/19/25 13-44-09] - main:19 - [INFO - Приложение остановлено вручную (Ctrl+C)]
[2025-12-12/19/25 13-44-32] - main:53 - [INFO - Приложение завершает работу]
[2025-12-12/19/25 13-44-32] - main:63 - [INFO - Приложение завершило работу корректно]
[2025-12-12/19/25 13-48-48] - logging:112 - [INFO - Логгер root_bot создан]
[2025-12-12/19/25 13-48-48] - main:47 - [INFO - Приложение запущено (Windows mode)]
[2025-12-12/19/25 14-54-04] - logging:112 - [INFO - Логгер root_bot создан]
[2025-12-12/19/25 14-54-05] - main:47 - [INFO - Приложение запущено (Windows mode)]
[2025-12-12/19/25 14-56-29] - main:53 - [INFO - Приложение завершает работу]
[2025-12-12/19/25 14-56-29] - main:63 - [INFO - Приложение завершило работу корректно]
[2025-12-12/19/25 14-56-29] - main:19 - [INFO - Приложение остановлено вручную (Ctrl+C)]
[2025-12-12/19/25 14-56-40] - logging:112 - [INFO - Логгер root_bot создан]
[2025-12-12/19/25 14-56-41] - main:47 - [INFO - Приложение запущено (Windows mode)]
[2025-12-12/19/25 14-59-24] - main:53 - [INFO - Приложение завершает работу]
[2025-12-12/19/25 14-59-24] - main:63 - [INFO - Приложение завершило работу корректно]
[2025-12-12/19/25 14-59-24] - main:19 - [INFO - Приложение остановлено вручную (Ctrl+C)]
[2025-12-12/19/25 14-59-33] - logging:112 - [INFO - Логгер root_bot создан]
[2025-12-12/19/25 14-59-33] - main:47 - [INFO - Приложение запущено (Windows mode)]
[2025-12-12/19/25 15-01-37] - main:53 - [INFO - Приложение завершает работу]
[2025-12-12/19/25 15-01-37] - main:63 - [INFO - Приложение завершило работу корректно]
[2025-12-12/19/25 15-01-37] - main:19 - [INFO - Приложение остановлено вручную (Ctrl+C)]
[2025-12-12/19/25 15-02-50] - logging:112 - [INFO - Логгер root_bot создан]
[2025-12-12/19/25 15-02-50] - main:47 - [INFO - Приложение запущено (Windows mode)]
[2025-12-12/19/25 15-04-13] - main:19 - [INFO - Приложение остановлено вручную (Ctrl+C)]
[2025-12-12/19/25 15-04-13] - main:53 - [INFO - Приложение завершает работу]
[2025-12-12/19/25 15-04-13] - main:63 - [INFO - Приложение завершило работу корректно]
[2025-12-12/19/25 15-05-27] - logging:112 - [INFO - Логгер root_bot создан]
[2025-12-12/19/25 15-05-27] - main:47 - [INFO - Приложение запущено (Windows mode)]
[2025-12-12/19/25 15-13-07] - main:53 - [INFO - Приложение завершает работу]
[2025-12-12/19/25 15-13-07] - main:63 - [INFO - Приложение завершило работу корректно]
[2025-12-12/19/25 15-13-07] - main:19 - [INFO - Приложение остановлено вручную (Ctrl+C)]
[2025-12-12/19/25 15-14-11] - logging:112 - [INFO - Логгер root_bot создан]
[2025-12-12/19/25 15-14-11] - main:47 - [INFO - Приложение запущено (Windows mode)]
[2025-12-12/19/25 15-18-18] - main:53 - [INFO - Приложение завершает работу]
[2025-12-12/19/25 15-18-18] - main:63 - [INFO - Приложение завершило работу корректно]
[2025-12-12/19/25 15-18-18] - main:19 - [INFO - Приложение остановлено вручную (Ctrl+C)]
[2025-12-12/19/25 15-18-28] - logging:112 - [INFO - Логгер root_bot создан]
[2025-12-12/19/25 15-18-28] - main:47 - [INFO - Приложение запущено (Windows mode)]
[2025-12-12/19/25 15-33-05] - main:53 - [INFO - Приложение завершает работу]
[2025-12-12/19/25 15-33-05] - main:63 - [INFO - Приложение завершило работу корректно]
[2025-12-12/19/25 15-33-05] - main:19 - [INFO - Приложение остановлено вручную (Ctrl+C)]
[2025-12-12/19/25 15-33-14] - logging:112 - [INFO - Логгер root_bot создан]
[2025-12-12/19/25 15-33-14] - main:47 - [INFO - Приложение запущено (Windows mode)]
[2025-12-12/19/25 15-34-22] - main:53 - [INFO - Приложение завершает работу]
[2025-12-12/19/25 15-34-22] - main:63 - [INFO - Приложение завершило работу корректно]
[2025-12-12/19/25 15-34-22] - main:19 - [INFO - Приложение остановлено вручную (Ctrl+C)]
[2025-12-12/19/25 15-34-31] - logging:112 - [INFO - Логгер root_bot создан]
[2025-12-12/19/25 15-34-31] - main:47 - [INFO - Приложение запущено (Windows mode)]
[2025-12-12/19/25 15-36-28] - main:53 - [INFO - Приложение завершает работу]
[2025-12-12/19/25 15-36-28] - main:63 - [INFO - Приложение завершило работу корректно]
[2025-12-12/19/25 15-36-28] - main:19 - [INFO - Приложение остановлено вручную (Ctrl+C)]
[2025-12-12/19/25 15-37-56] - logging:112 - [INFO - Логгер root_bot создан]
[2025-12-12/19/25 15-37-57] - main:47 - [INFO - Приложение запущено (Windows mode)]
[2025-12-12/19/25 15-38-09] - main:53 - [INFO - Приложение завершает работу]
[2025-12-12/19/25 15-38-09] - main:63 - [INFO - Приложение завершило работу корректно]
[2025-12-12/19/25 15-38-09] - main:19 - [INFO - Приложение остановлено вручную (Ctrl+C)]
[2025-12-12/19/25 15-38-18] - logging:112 - [INFO - Логгер root_bot создан]
[2025-12-12/19/25 15-38-18] - main:47 - [INFO - Приложение запущено (Windows mode)]
[2025-12-12/19/25 15-40-15] - main:53 - [INFO - Приложение завершает работу]
[2025-12-12/19/25 15-40-15] - main:63 - [INFO - Приложение завершило работу корректно]
[2025-12-12/19/25 15-40-15] - main:19 - [INFO - Приложение остановлено вручную (Ctrl+C)]
[2025-12-12/19/25 15-40-24] - logging:112 - [INFO - Логгер root_bot создан]
[2025-12-12/19/25 15-40-25] - main:47 - [INFO - Приложение запущено (Windows mode)]
[2025-12-12/19/25 15-50-54] - main:53 - [INFO - Приложение завершает работу]
[2025-12-12/19/25 15-50-54] - main:63 - [INFO - Приложение завершило работу корректно]
[2025-12-12/19/25 15-50-54] - main:19 - [INFO - Приложение остановлено вручную (Ctrl+C)]
[2025-12-12/19/25 15-51-05] - logging:112 - [INFO - Логгер root_bot создан]
[2025-12-12/19/25 15-51-05] - main:47 - [INFO - Приложение запущено (Windows mode)]
[2025-12-12/19/25 15-53-12] - main:53 - [INFO - Приложение завершает работу]
[2025-12-12/19/25 15-53-12] - main:63 - [INFO - Приложение завершило работу корректно]
[2025-12-12/19/25 15-53-12] - main:19 - [INFO - Приложение остановлено вручную (Ctrl+C)]
[2025-12-12/19/25 15-53-42] - logging:112 - [INFO - Логгер root_bot создан]
[2025-12-12/19/25 15-53-42] - main:47 - [INFO - Приложение запущено (Windows mode)]
[2025-12-12/19/25 15-55-24] - main:19 - [INFO - Приложение остановлено вручную (Ctrl+C)]
[2025-12-12/19/25 15-55-24] - main:53 - [INFO - Приложение завершает работу]
[2025-12-12/19/25 15-55-24] - main:63 - [INFO - Приложение завершило работу корректно]
[2025-12-12/19/25 15-55-33] - logging:112 - [INFO - Логгер root_bot создан]
[2025-12-12/19/25 15-55-34] - main:47 - [INFO - Приложение запущено (Windows mode)]
[2025-12-12/19/25 15-57-23] - main:53 - [INFO - Приложение завершает работу]
[2025-12-12/19/25 15-57-23] - main:63 - [INFO - Приложение завершило работу корректно]
[2025-12-12/19/25 15-57-23] - main:19 - [INFO - Приложение остановлено вручную (Ctrl+C)]
[2025-12-12/19/25 15-57-33] - logging:112 - [INFO - Логгер root_bot создан]
[2025-12-12/19/25 15-57-33] - main:47 - [INFO - Приложение запущено (Windows mode)]
[2025-12-12/19/25 15-58-05] - main:53 - [INFO - Приложение завершает работу]
[2025-12-12/19/25 15-58-05] - main:63 - [INFO - Приложение завершило работу корректно]
[2025-12-12/19/25 15-58-05] - main:19 - [INFO - Приложение остановлено вручную (Ctrl+C)]
[2025-12-12/19/25 15-58-15] - logging:112 - [INFO - Логгер root_bot создан]
[2025-12-12/19/25 15-58-15] - main:47 - [INFO - Приложение запущено (Windows mode)]
[2025-12-12/19/25 15-59-26] - main:53 - [INFO - Приложение завершает работу]
[2025-12-12/19/25 15-59-26] - main:63 - [INFO - Приложение завершило работу корректно]
[2025-12-12/19/25 15-59-26] - main:19 - [INFO - Приложение остановлено вручную (Ctrl+C)]
[2025-12-12/19/25 16-01-37] - logging:112 - [INFO - Логгер root_bot создан]
[2025-12-12/19/25 16-01-37] - main:47 - [INFO - Приложение запущено (Windows mode)]
[2025-12-12/19/25 16-01-37] - main:53 - [INFO - Приложение завершает работу]
[2025-12-12/19/25 16-01-37] - main:63 - [INFO - Приложение завершило работу корректно]
[2025-12-12/19/25 16-01-37] - main:19 - [INFO - Приложение остановлено вручную (Ctrl+C)]
[2025-12-12/19/25 16-02-09] - logging:112 - [INFO - Логгер root_bot создан]
[2025-12-12/19/25 16-02-09] - main:47 - [INFO - Приложение запущено (Windows mode)]
[2025-12-12/19/25 19-11-04] - logging:112 - [INFO - Логгер root_bot создан]
[2025-12-12/19/25 19-11-04] - main:47 - [INFO - Приложение запущено (Windows mode)]
[2025-12-12/19/25 19-13-15] - main:53 - [INFO - Приложение завершает работу]
[2025-12-12/19/25 19-13-15] - main:63 - [INFO - Приложение завершило работу корректно]
[2025-12-12/19/25 19-13-15] - main:19 - [INFO - Приложение остановлено вручную (Ctrl+C)]
[2025-12-12/19/25 19-13-25] - logging:112 - [INFO - Логгер root_bot создан]
[2025-12-12/19/25 19-13-25] - main:47 - [INFO - Приложение запущено (Windows mode)]
[2025-12-12/19/25 19-13-54] - main:19 - [INFO - Приложение остановлено вручную (Ctrl+C)]
[2025-12-12/19/25 19-14-03] - logging:112 - [INFO - Логгер root_bot создан]
[2025-12-12/19/25 19-14-03] - main:47 - [INFO - Приложение запущено (Windows mode)]
[2025-12-12/19/25 19-17-28] - main:53 - [INFO - Приложение завершает работу]
[2025-12-12/19/25 19-17-28] - main:63 - [INFO - Приложение завершило работу корректно]
[2025-12-12/19/25 19-17-28] - main:19 - [INFO - Приложение остановлено вручную (Ctrl+C)]
[2025-12-12/19/25 19-17-37] - logging:112 - [INFO - Логгер root_bot создан]
[2025-12-12/19/25 19-17-37] - main:47 - [INFO - Приложение запущено (Windows mode)]
[2025-12-12/19/25 19-35-38] - main:53 - [INFO - Приложение завершает работу]
[2025-12-12/19/25 19-35-38] - main:63 - [INFO - Приложение завершило работу корректно]
[2025-12-12/19/25 19-35-38] - main:19 - [INFO - Приложение остановлено вручную (Ctrl+C)]
[2025-12-12/19/25 19-36-07] - logging:112 - [INFO - Логгер root_bot создан]
[2025-12-12/19/25 19-36-08] - main:47 - [INFO - Приложение запущено (Windows mode)]
[2025-12-12/19/25 19-37-32] - main:53 - [INFO - Приложение завершает работу]
[2025-12-12/19/25 19-37-32] - main:63 - [INFO - Приложение завершило работу корректно]
[2025-12-12/19/25 19-37-32] - main:19 - [INFO - Приложение остановлено вручную (Ctrl+C)]
[2025-12-12/19/25 19-38-14] - logging:112 - [INFO - Логгер root_bot создан]
[2025-12-12/19/25 19-38-14] - main:47 - [INFO - Приложение запущено (Windows mode)]
[2025-12-12/19/25 19-45-46] - main:53 - [INFO - Приложение завершает работу]
[2025-12-12/19/25 19-45-46] - main:63 - [INFO - Приложение завершило работу корректно]
[2025-12-12/19/25 19-45-46] - main:19 - [INFO - Приложение остановлено вручную (Ctrl+C)]
[2025-12-12/19/25 19-46-21] - logging:112 - [INFO - Логгер root_bot создан]
[2025-12-12/19/25 19-46-21] - main:47 - [INFO - Приложение запущено (Windows mode)]
[2025-12-12/19/25 19-47-35] - main:53 - [INFO - Приложение завершает работу]
[2025-12-12/19/25 19-47-35] - main:63 - [INFO - Приложение завершило работу корректно]
[2025-12-12/19/25 19-47-35] - main:19 - [INFO - Приложение остановлено вручную (Ctrl+C)]
[2025-12-12/19/25 19-47-50] - logging:112 - [INFO - Логгер root_bot создан]
[2025-12-12/19/25 19-47-51] - main:47 - [INFO - Приложение запущено (Windows mode)]
[2025-12-12/19/25 19-51-37] - main:53 - [INFO - Приложение завершает работу]
[2025-12-12/19/25 19-51-37] - main:63 - [INFO - Приложение завершило работу корректно]
[2025-12-12/19/25 19-51-37] - main:19 - [INFO - Приложение остановлено вручную (Ctrl+C)]
[2025-12-12/19/25 19-51-46] - logging:112 - [INFO - Логгер root_bot создан]
[2025-12-12/19/25 19-51-47] - main:47 - [INFO - Приложение запущено (Windows mode)]
[2025-12-12/19/25 19-52-18] - main:19 - [INFO - Приложение остановлено вручную (Ctrl+C)]
[2025-12-12/19/25 19-53-00] - logging:112 - [INFO - Логгер root_bot создан]
[2025-12-12/19/25 19-53-00] - main:47 - [INFO - Приложение запущено (Windows mode)]
[2025-12-12/19/25 19-54-12] - main:53 - [INFO - Приложение завершает работу]
[2025-12-12/19/25 19-54-12] - main:63 - [INFO - Приложение завершило работу корректно]
[2025-12-12/19/25 19-54-12] - main:19 - [INFO - Приложение остановлено вручную (Ctrl+C)]
[2025-12-12/19/25 19-54-21] - logging:112 - [INFO - Логгер root_bot создан]
[2025-12-12/19/25 19-54-22] - main:47 - [INFO - Приложение запущено (Windows mode)]
[2025-12-12/19/25 19-54-56] - main:19 - [INFO - Приложение остановлено вручную (Ctrl+C)]
[2025-12-12/19/25 19-54-56] - main:53 - [INFO - Приложение завершает работу]
[2025-12-12/19/25 19-54-56] - main:63 - [INFO - Приложение завершило работу корректно]
[2025-12-12/19/25 19-55-05] - logging:112 - [INFO - Логгер root_bot создан]
[2025-12-12/19/25 19-55-05] - main:47 - [INFO - Приложение запущено (Windows mode)]
[2025-12-12/19/25 19-56-15] - main:53 - [INFO - Приложение завершает работу]
[2025-12-12/19/25 19-56-15] - main:63 - [INFO - Приложение завершило работу корректно]
[2025-12-12/19/25 19-56-15] - main:19 - [INFO - Приложение остановлено вручную (Ctrl+C)]
[2025-12-12/19/25 19-57-00] - logging:112 - [INFO - Логгер root_bot создан]
[2025-12-12/19/25 19-57-00] - main:47 - [INFO - Приложение запущено (Windows mode)]
[2025-12-12/19/25 20-04-43] - main:53 - [INFO - Приложение завершает работу]
[2025-12-12/19/25 20-04-43] - main:63 - [INFO - Приложение завершило работу корректно]
[2025-12-12/19/25 20-04-43] - main:19 - [INFO - Приложение остановлено вручную (Ctrl+C)]
[2025-12-12/19/25 20-05-00] - logging:112 - [INFO - Логгер root_bot создан]
[2025-12-12/19/25 20-05-00] - main:47 - [INFO - Приложение запущено (Windows mode)]
[2025-12-12/19/25 20-05-58] - main:53 - [INFO - Приложение завершает работу]
[2025-12-12/19/25 20-05-58] - main:63 - [INFO - Приложение завершило работу корректно]
[2025-12-12/19/25 20-05-58] - main:19 - [INFO - Приложение остановлено вручную (Ctrl+C)]
[2025-12-12/19/25 20-13-35] - logging:112 - [INFO - Логгер root_bot создан]
[2025-12-12/19/25 20-13-35] - main:47 - [INFO - Приложение запущено (Windows mode)]
[2025-12-12/19/25 20-16-58] - main:19 - [INFO - Приложение остановлено вручную (Ctrl+C)]
[2025-12-12/19/25 20-16-58] - main:53 - [INFO - Приложение завершает работу]
[2025-12-12/19/25 20-16-58] - main:63 - [INFO - Приложение завершило работу корректно]
[2025-12-12/19/25 20-17-40] - logging:112 - [INFO - Логгер root_bot создан]
[2025-12-12/19/25 20-17-40] - main:47 - [INFO - Приложение запущено (Windows mode)]
[2025-12-12/19/25 20-17-41] - main:53 - [INFO - Приложение завершает работу]
[2025-12-12/19/25 20-17-41] - main:63 - [INFO - Приложение завершило работу корректно]
[2025-12-12/19/25 20-17-41] - main:19 - [INFO - Приложение остановлено вручную (Ctrl+C)]
[2025-12-12/19/25 20-18-09] - logging:112 - [INFO - Логгер root_bot создан]
[2025-12-12/19/25 20-18-09] - main:47 - [INFO - Приложение запущено (Windows mode)]
[2025-12-12/19/25 20-18-39] - main:19 - [INFO - Приложение остановлено вручную (Ctrl+C)]
[2025-12-12/19/25 20-18-39] - main:53 - [INFO - Приложение завершает работу]
[2025-12-12/19/25 20-18-39] - main:63 - [INFO - Приложение завершило работу корректно]
[2025-12-12/19/25 20-19-29] - logging:112 - [INFO - Логгер root_bot создан]
[2025-12-12/19/25 20-19-29] - main:47 - [INFO - Приложение запущено (Windows mode)]
[2025-12-12/19/25 20-22-13] - main:53 - [INFO - Приложение завершает работу]
[2025-12-12/19/25 20-22-13] - main:63 - [INFO - Приложение завершило работу корректно]
[2025-12-12/19/25 20-22-13] - main:19 - [INFO - Приложение остановлено вручную (Ctrl+C)]
[2025-12-12/19/25 20-22-33] - logging:112 - [INFO - Логгер root_bot создан]
[2025-12-12/19/25 20-22-33] - main:47 - [INFO - Приложение запущено (Windows mode)]
[2025-12-12/19/25 20-23-23] - main:19 - [INFO - Приложение остановлено вручную (Ctrl+C)]
[2025-12-12/19/25 20-23-24] - main:53 - [INFO - Приложение завершает работу]
[2025-12-12/19/25 20-23-24] - main:63 - [INFO - Приложение завершило работу корректно]
[2025-12-12/19/25 21-59-45] - logging:112 - [INFO - Логгер root_bot создан]
[2025-12-12/19/25 21-59-45] - main:47 - [INFO - Приложение запущено (Windows mode)]
[2025-12-12/19/25 22-00-40] - main:53 - [INFO - Приложение завершает работу]
[2025-12-12/19/25 22-00-40] - main:63 - [INFO - Приложение завершило работу корректно]
[2025-12-12/19/25 22-00-40] - main:19 - [INFO - Приложение остановлено вручную (Ctrl+C)]
[2025-12-12/19/25 22-03-01] - logging:112 - [INFO - Логгер root_bot создан]
[2025-12-12/19/25 22-03-01] - main:47 - [INFO - Приложение запущено (Windows mode)]
[2025-12-12/19/25 22-05-05] - main:53 - [INFO - Приложение завершает работу]
[2025-12-12/19/25 22-05-05] - main:63 - [INFO - Приложение завершило работу корректно]
[2025-12-12/19/25 22-05-05] - main:19 - [INFO - Приложение остановлено вручную (Ctrl+C)]
[2025-12-12/19/25 22-05-15] - logging:112 - [INFO - Логгер root_bot создан]
[2025-12-12/19/25 22-05-15] - main:47 - [INFO - Приложение запущено (Windows mode)]
[2025-12-12/19/25 22-09-53] - main:53 - [INFO - Приложение завершает работу]
[2025-12-12/19/25 22-09-53] - main:63 - [INFO - Приложение завершило работу корректно]
[2025-12-12/19/25 22-09-53] - main:19 - [INFO - Приложение остановлено вручную (Ctrl+C)]
[2025-12-12/19/25 22-10-08] - logging:112 - [INFO - Логгер root_bot создан]
[2025-12-12/19/25 22-10-08] - main:47 - [INFO - Приложение запущено (Windows mode)]
[2025-12-12/19/25 22-13-54] - main:19 - [INFO - Приложение остановлено вручную (Ctrl+C)]
[2025-12-12/19/25 22-14-04] - logging:112 - [INFO - Логгер root_bot создан]
[2025-12-12/19/25 22-14-04] - main:47 - [INFO - Приложение запущено (Windows mode)]
[2025-12-12/19/25 22-15-01] - main:53 - [INFO - Приложение завершает работу]
[2025-12-12/19/25 22-15-01] - main:63 - [INFO - Приложение завершило работу корректно]
[2025-12-12/19/25 22-15-01] - main:19 - [INFO - Приложение остановлено вручную (Ctrl+C)]
[2025-12-12/19/25 22-15-55] - logging:112 - [INFO - Логгер root_bot создан]
[2025-12-12/19/25 22-15-55] - main:47 - [INFO - Приложение запущено (Windows mode)]
[2025-12-12/19/25 22-21-24] - main:19 - [INFO - Приложение остановлено вручную (Ctrl+C)]
[2025-12-12/19/25 22-21-34] - logging:112 - [INFO - Логгер root_bot создан]
[2025-12-12/19/25 22-21-34] - main:47 - [INFO - Приложение запущено (Windows mode)]
[2025-12-12/19/25 22-23-10] - main:19 - [INFO - Приложение остановлено вручную (Ctrl+C)]
[2025-12-12/19/25 22-23-11] - main:53 - [INFO - Приложение завершает работу]
[2025-12-12/19/25 22-23-11] - main:63 - [INFO - Приложение завершило работу корректно]
[2025-12-12/19/25 22-23-20] - logging:112 - [INFO - Логгер root_bot создан]
[2025-12-12/19/25 22-23-20] - main:47 - [INFO - Приложение запущено (Windows mode)]
[2025-12-12/19/25 22-25-02] - main:53 - [INFO - Приложение завершает работу]
[2025-12-12/19/25 22-25-02] - main:63 - [INFO - Приложение завершило работу корректно]
[2025-12-12/19/25 22-25-02] - main:19 - [INFO - Приложение остановлено вручную (Ctrl+C)]
[2025-12-12/19/25 22-25-13] - logging:112 - [INFO - Логгер root_bot создан]
[2025-12-12/19/25 22-25-14] - main:47 - [INFO - Приложение запущено (Windows mode)]
[2025-12-12/19/25 22-26-31] - main:53 - [INFO - Приложение завершает работу]
[2025-12-12/19/25 22-26-31] - main:63 - [INFO - Приложение завершило работу корректно]
[2025-12-12/19/25 22-26-31] - main:19 - [INFO - Приложение остановлено вручную (Ctrl+C)]
[2025-12-12/19/25 22-26-42] - logging:112 - [INFO - Логгер root_bot создан]
[2025-12-12/19/25 22-26-42] - main:47 - [INFO - Приложение запущено (Windows mode)]
[2025-12-12/19/25 22-27-13] - main:19 - [INFO - Приложение остановлено вручную (Ctrl+C)]
[2025-12-12/19/25 22-27-13] - main:53 - [INFO - Приложение завершает работу]
[2025-12-12/19/25 22-27-13] - main:63 - [INFO - Приложение завершило работу корректно]
[2025-12-12/19/25 22-27-24] - logging:112 - [INFO - Логгер root_bot создан]
[2025-12-12/19/25 22-27-24] - main:47 - [INFO - Приложение запущено (Windows mode)]
[2025-12-12/19/25 22-29-13] - main:53 - [INFO - Приложение завершает работу]
[2025-12-12/19/25 22-29-13] - main:63 - [INFO - Приложение завершило работу корректно]
[2025-12-12/19/25 22-29-13] - main:19 - [INFO - Приложение остановлено вручную (Ctrl+C)]
[2025-12-12/19/25 22-29-25] - logging:112 - [INFO - Логгер root_bot создан]
[2025-12-12/19/25 22-29-25] - main:47 - [INFO - Приложение запущено (Windows mode)]
[2025-12-12/19/25 22-43-39] - main:53 - [INFO - Приложение завершает работу]
[2025-12-12/19/25 22-43-39] - main:63 - [INFO - Приложение завершило работу корректно]
[2025-12-12/19/25 22-43-39] - main:19 - [INFO - Приложение остановлено вручную (Ctrl+C)]
[2025-12-12/19/25 22-43-51] - logging:112 - [INFO - Логгер root_bot создан]
[2025-12-12/19/25 22-43-51] - main:47 - [INFO - Приложение запущено (Windows mode)]
[2025-12-12/19/25 22-45-37] - main:19 - [INFO - Приложение остановлено вручную (Ctrl+C)]
[2025-12-12/19/25 22-45-37] - main:53 - [INFO - Приложение завершает работу]
[2025-12-12/19/25 22-45-37] - main:63 - [INFO - Приложение завершило работу корректно]
[2025-12-12/19/25 22-45-46] - logging:112 - [INFO - Логгер root_bot создан]
[2025-12-12/19/25 22-45-46] - main:47 - [INFO - Приложение запущено (Windows mode)]
[2025-12-12/19/25 22-54-38] - main:53 - [INFO - Приложение завершает работу]
[2025-12-12/19/25 22-54-38] - main:63 - [INFO - Приложение завершило работу корректно]
[2025-12-12/19/25 22-54-38] - main:19 - [INFO - Приложение остановлено вручную (Ctrl+C)]
[2025-12-12/19/25 23-05-12] - logging:112 - [INFO - Логгер root_bot создан]
[2025-12-12/19/25 23-05-12] - main:47 - [INFO - Приложение запущено (Windows mode)]
[2025-12-12/19/25 23-10-11] - main:53 - [INFO - Приложение завершает работу]
[2025-12-12/19/25 23-10-11] - main:63 - [INFO - Приложение завершило работу корректно]
[2025-12-12/19/25 23-10-11] - main:19 - [INFO - Приложение остановлено вручную (Ctrl+C)]
[2025-12-12/19/25 23-10-28] - logging:112 - [INFO - Логгер root_bot создан]
[2025-12-12/19/25 23-10-28] - main:47 - [INFO - Приложение запущено (Windows mode)]
[2025-12-12/19/25 23-11-12] - main:53 - [INFO - Приложение завершает работу]
[2025-12-12/19/25 23-11-12] - main:63 - [INFO - Приложение завершило работу корректно]
[2025-12-12/19/25 23-11-12] - main:19 - [INFO - Приложение остановлено вручную (Ctrl+C)]
[2025-12-12/19/25 23-11-56] - logging:112 - [INFO - Логгер root_bot создан]
[2025-12-12/19/25 23-11-56] - main:47 - [INFO - Приложение запущено (Windows mode)]
[2025-12-12/19/25 23-14-48] - main:53 - [INFO - Приложение завершает работу]
[2025-12-12/19/25 23-14-48] - main:63 - [INFO - Приложение завершило работу корректно]
[2025-12-12/19/25 23-14-48] - main:19 - [INFO - Приложение остановлено вручную (Ctrl+C)]
[2025-12-12/19/25 23-32-18] - logging:112 - [INFO - Логгер root_bot создан]
[2025-12-12/19/25 23-32-18] - main:47 - [INFO - Приложение запущено (Windows mode)]
[2025-12-12/19/25 23-40-35] - main:53 - [INFO - Приложение завершает работу]
[2025-12-12/19/25 23-40-35] - main:63 - [INFO - Приложение завершило работу корректно]
[2025-12-12/19/25 23-40-35] - main:19 - [INFO - Приложение остановлено вручную (Ctrl+C)]
[2025-12-12/19/25 23-40-44] - logging:112 - [INFO - Логгер root_bot создан]
[2025-12-12/19/25 23-40-44] - main:47 - [INFO - Приложение запущено (Windows mode)]
[2025-12-12/19/25 23-43-46] - main:53 - [INFO - Приложение завершает работу]
[2025-12-12/19/25 23-43-46] - main:63 - [INFO - Приложение завершило работу корректно]
[2025-12-12/19/25 23-43-46] - main:19 - [INFO - Приложение остановлено вручную (Ctrl+C)]
[2025-12-12/19/25 23-44-07] - logging:112 - [INFO - Логгер root_bot создан]
[2025-12-12/19/25 23-44-08] - main:47 - [INFO - Приложение запущено (Windows mode)]
[2025-12-12/19/25 23-46-56] - main:53 - [INFO - Приложение завершает работу]
[2025-12-12/19/25 23-46-56] - main:63 - [INFO - Приложение завершило работу корректно]
[2025-12-12/19/25 23-46-56] - main:19 - [INFO - Приложение остановлено вручную (Ctrl+C)]
[2025-12-12/19/25 23-47-05] - logging:112 - [INFO - Логгер root_bot создан]
[2025-12-12/19/25 23-47-05] - main:47 - [INFO - Приложение запущено (Windows mode)]
[2025-12-12/19/25 23-49-57] - main:53 - [INFO - Приложение завершает работу]
[2025-12-12/19/25 23-49-57] - main:63 - [INFO - Приложение завершило работу корректно]
[2025-12-12/19/25 23-49-57] - main:19 - [INFO - Приложение остановлено вручную (Ctrl+C)]
[2025-12-12/19/25 23-50-24] - logging:112 - [INFO - Логгер root_bot создан]
[2025-12-12/19/25 23-50-24] - main:47 - [INFO - Приложение запущено (Windows mode)]
[2025-12-12/19/25 23-55-00] - main:53 - [INFO - Приложение завершает работу]
[2025-12-12/19/25 23-55-00] - main:63 - [INFO - Приложение завершило работу корректно]
[2025-12-12/19/25 23-55-00] - main:19 - [INFO - Приложение остановлено вручную (Ctrl+C)]
[2025-12-12/19/25 23-55-30] - logging:112 - [INFO - Логгер root_bot создан]
[2025-12-12/19/25 23-55-30] - main:47 - [INFO - Приложение запущено (Windows mode)]
[2025-12-12/19/25 23-57-13] - main:19 - [INFO - Приложение остановлено вручную (Ctrl+C)]
[2025-12-12/19/25 23-57-40] - logging:112 - [INFO - Логгер root_bot создан]
[2025-12-12/19/25 23-57-40] - main:47 - [INFO - Приложение запущено (Windows mode)]
[2025-12-12/20/25 00-00-33] - main:19 - [INFO - Приложение остановлено вручную (Ctrl+C)]
[2025-12-12/20/25 00-01-40] - logging:112 - [INFO - Логгер root_bot создан]
[2025-12-12/20/25 00-01-40] - main:47 - [INFO - Приложение запущено (Windows mode)]
[2025-12-12/20/25 00-04-07] - main:19 - [INFO - Приложение остановлено вручную (Ctrl+C)]
[2025-12-12/20/25 00-04-07] - main:53 - [INFO - Приложение завершает работу]
[2025-12-12/20/25 00-04-07] - main:63 - [INFO - Приложение завершило работу корректно]
[2025-12-12/20/25 00-04-16] - logging:112 - [INFO - Логгер root_bot создан]
[2025-12-12/20/25 00-04-16] - main:47 - [INFO - Приложение запущено (Windows mode)]
[2025-12-12/20/25 00-05-05] - main:19 - [INFO - Приложение остановлено вручную (Ctrl+C)]
[2025-12-12/20/25 00-05-14] - logging:112 - [INFO - Логгер root_bot создан]
[2025-12-12/20/25 00-05-15] - main:47 - [INFO - Приложение запущено (Windows mode)]
[2025-12-12/20/25 00-05-26] - main:53 - [INFO - Приложение завершает работу]
[2025-12-12/20/25 00-05-26] - main:63 - [INFO - Приложение завершило работу корректно]
[2025-12-12/20/25 00-05-26] - main:19 - [INFO - Приложение остановлено вручную (Ctrl+C)]
[2025-12-12/20/25 00-05-35] - logging:112 - [INFO - Логгер root_bot создан]
[2025-12-12/20/25 00-05-35] - main:47 - [INFO - Приложение запущено (Windows mode)]
[2025-12-12/20/25 12-10-00] - logging:112 - [INFO - Логгер root_bot создан]
[2025-12-12/20/25 12-10-00] - main:47 - [INFO - Приложение запущено (Windows mode)]
[2025-12-12/20/25 12-11-21] - main:53 - [INFO - Приложение завершает работу]
[2025-12-12/20/25 12-11-21] - main:63 - [INFO - Приложение завершило работу корректно]
[2025-12-12/20/25 12-11-21] - main:19 - [INFO - Приложение остановлено вручную (Ctrl+C)]
[2025-12-12/20/25 12-11-30] - logging:112 - [INFO - Логгер root_bot создан]
[2025-12-12/20/25 12-11-30] - main:47 - [INFO - Приложение запущено (Windows mode)]
[2025-12-12/20/25 12-22-20] - main:53 - [INFO - Приложение завершает работу]
[2025-12-12/20/25 12-22-20] - main:63 - [INFO - Приложение завершило работу корректно]
[2025-12-12/20/25 12-22-20] - main:19 - [INFO - Приложение остановлено вручную (Ctrl+C)]
[2025-12-12/20/25 12-22-29] - logging:112 - [INFO - Логгер root_bot создан]
[2025-12-12/20/25 12-22-29] - main:47 - [INFO - Приложение запущено (Windows mode)]
[2025-12-12/20/25 12-25-51] - main:53 - [INFO - Приложение завершает работу]
[2025-12-12/20/25 12-25-51] - main:63 - [INFO - Приложение завершило работу корректно]
[2025-12-12/20/25 12-25-51] - main:19 - [INFO - Приложение остановлено вручную (Ctrl+C)]
[2025-12-12/20/25 12-26-11] - logging:112 - [INFO - Логгер root_bot создан]
[2025-12-12/20/25 12-26-11] - main:47 - [INFO - Приложение запущено (Windows mode)]
[2025-12-12/20/25 12-51-07] - main:53 - [INFO - Приложение завершает работу]
[2025-12-12/20/25 12-51-07] - main:63 - [INFO - Приложение завершило работу корректно]
[2025-12-12/20/25 12-51-07] - main:19 - [INFO - Приложение остановлено вручную (Ctrl+C)]
[2025-12-12/20/25 12-51-35] - logging:112 - [INFO - Логгер root_bot создан]
[2025-12-12/20/25 12-51-35] - main:47 - [INFO - Приложение запущено (Windows mode)]
[2025-12-12/20/25 12-52-40] - main:53 - [INFO - Приложение завершает работу]
[2025-12-12/20/25 12-52-40] - main:63 - [INFO - Приложение завершило работу корректно]
[2025-12-12/20/25 12-52-40] - main:19 - [INFO - Приложение остановлено вручную (Ctrl+C)]
[2025-12-12/20/25 12-52-49] - logging:112 - [INFO - Логгер root_bot создан]
[2025-12-12/20/25 12-52-49] - main:47 - [INFO - Приложение запущено (Windows mode)]
[2025-12-12/20/25 12-53-38] - main:53 - [INFO - Приложение завершает работу]
[2025-12-12/20/25 12-53-38] - main:63 - [INFO - Приложение завершило работу корректно]
[2025-12-12/20/25 12-53-38] - main:19 - [INFO - Приложение остановлено вручную (Ctrl+C)]
[2025-12-12/20/25 12-54-11] - logging:112 - [INFO - Логгер root_bot создан]
[2025-12-12/20/25 12-54-11] - main:47 - [INFO - Приложение запущено (Windows mode)]
[2025-12-12/20/25 13-07-00] - main:53 - [INFO - Приложение завершает работу]
[2025-12-12/20/25 13-07-00] - main:63 - [INFO - Приложение завершило работу корректно]
[2025-12-12/20/25 13-07-00] - main:19 - [INFO - Приложение остановлено вручную (Ctrl+C)]
[2025-12-12/20/25 13-09-48] - logging:112 - [INFO - Логгер root_bot создан]
[2025-12-12/20/25 13-09-48] - main:47 - [INFO - Приложение запущено (Windows mode)]
[2025-12-12/20/25 13-16-23] - main:19 - [INFO - Приложение остановлено вручную (Ctrl+C)]
[2025-12-12/20/25 13-16-23] - main:53 - [INFO - Приложение завершает работу]
[2025-12-12/20/25 13-16-23] - main:63 - [INFO - Приложение завершило работу корректно]
[2025-12-12/20/25 13-16-51] - logging:112 - [INFO - Логгер root_bot создан]
[2025-12-12/20/25 13-16-51] - main:47 - [INFO - Приложение запущено (Windows mode)]
[2025-12-12/20/25 13-23-01] - main:53 - [INFO - Приложение завершает работу]
[2025-12-12/20/25 13-23-01] - main:63 - [INFO - Приложение завершило работу корректно]
[2025-12-12/20/25 13-23-01] - main:19 - [INFO - Приложение остановлено вручную (Ctrl+C)]
[2025-12-12/20/25 13-23-27] - logging:112 - [INFO - Логгер root_bot создан]
[2025-12-12/20/25 13-23-27] - main:47 - [INFO - Приложение запущено (Windows mode)]
[2025-12-12/20/25 13-23-48] - main:19 - [INFO - Приложение остановлено вручную (Ctrl+C)]
[2025-12-12/20/25 13-23-48] - main:53 - [INFO - Приложение завершает работу]
[2025-12-12/20/25 13-23-48] - main:63 - [INFO - Приложение завершило работу корректно]
[2025-12-12/20/25 13-24-04] - logging:112 - [INFO - Логгер root_bot создан]
[2025-12-12/20/25 13-24-04] - main:47 - [INFO - Приложение запущено (Windows mode)]
[2025-12-12/20/25 13-31-09] - main:53 - [INFO - Приложение завершает работу]
[2025-12-12/20/25 13-31-09] - main:63 - [INFO - Приложение завершило работу корректно]
[2025-12-12/20/25 13-31-09] - main:19 - [INFO - Приложение остановлено вручную (Ctrl+C)]
[2025-12-12/20/25 13-31-21] - logging:112 - [INFO - Логгер root_bot создан]
[2025-12-12/20/25 13-31-21] - main:47 - [INFO - Приложение запущено (Windows mode)]
[2025-12-12/20/25 13-41-57] - main:53 - [INFO - Приложение завершает работу]
[2025-12-12/20/25 13-41-57] - main:63 - [INFO - Приложение завершило работу корректно]
[2025-12-12/20/25 13-41-57] - main:19 - [INFO - Приложение остановлено вручную (Ctrl+C)]
[2025-12-12/20/25 13-42-12] - logging:112 - [INFO - Логгер root_bot создан]
[2025-12-12/20/25 13-42-12] - main:47 - [INFO - Приложение запущено (Windows mode)]
[2025-12-12/20/25 13-46-11] - main:53 - [INFO - Приложение завершает работу]
[2025-12-12/20/25 13-46-11] - main:63 - [INFO - Приложение завершило работу корректно]
[2025-12-12/20/25 13-46-11] - main:19 - [INFO - Приложение остановлено вручную (Ctrl+C)]
[2025-12-12/20/25 13-46-20] - logging:112 - [INFO - Логгер root_bot создан]
[2025-12-12/20/25 13-46-20] - main:47 - [INFO - Приложение запущено (Windows mode)]
[2025-12-12/20/25 14-00-12] - main:53 - [INFO - Приложение завершает работу]
[2025-12-12/20/25 14-00-12] - main:63 - [INFO - Приложение завершило работу корректно]
[2025-12-12/20/25 14-00-12] - main:19 - [INFO - Приложение остановлено вручную (Ctrl+C)]
[2025-12-12/20/25 14-00-22] - logging:112 - [INFO - Логгер root_bot создан]
[2025-12-12/20/25 14-00-23] - main:47 - [INFO - Приложение запущено (Windows mode)]
[2025-12-12/20/25 14-01-24] - main:53 - [INFO - Приложение завершает работу]
[2025-12-12/20/25 14-01-24] - main:63 - [INFO - Приложение завершило работу корректно]
[2025-12-12/20/25 14-01-24] - main:19 - [INFO - Приложение остановлено вручную (Ctrl+C)]
[2025-12-12/20/25 14-01-34] - logging:112 - [INFO - Логгер root_bot создан]
[2025-12-12/20/25 14-01-34] - main:47 - [INFO - Приложение запущено (Windows mode)]
[2025-12-12/20/25 14-11-18] - main:53 - [INFO - Приложение завершает работу]
[2025-12-12/20/25 14-11-18] - main:63 - [INFO - Приложение завершило работу корректно]
[2025-12-12/20/25 14-11-18] - main:19 - [INFO - Приложение остановлено вручную (Ctrl+C)]
[2025-12-12/20/25 14-11-27] - logging:112 - [INFO - Логгер root_bot создан]
[2025-12-12/20/25 14-11-27] - main:47 - [INFO - Приложение запущено (Windows mode)]
[2025-12-12/20/25 14-11-44] - main:53 - [INFO - Приложение завершает работу]
[2025-12-12/20/25 14-11-44] - main:63 - [INFO - Приложение завершило работу корректно]
[2025-12-12/20/25 14-11-44] - main:19 - [INFO - Приложение остановлено вручную (Ctrl+C)]
[2025-12-12/20/25 14-11-59] - logging:112 - [INFO - Логгер root_bot создан]
[2025-12-12/20/25 14-11-59] - main:47 - [INFO - Приложение запущено (Windows mode)]
[2025-12-12/20/25 14-19-06] - main:53 - [INFO - Приложение завершает работу]
[2025-12-12/20/25 14-19-06] - main:63 - [INFO - Приложение завершило работу корректно]
[2025-12-12/20/25 14-19-06] - main:19 - [INFO - Приложение остановлено вручную (Ctrl+C)]
[2025-12-12/20/25 14-19-16] - logging:112 - [INFO - Логгер root_bot создан]
[2025-12-12/20/25 14-19-16] - main:47 - [INFO - Приложение запущено (Windows mode)]
[2025-12-12/20/25 14-21-05] - main:53 - [INFO - Приложение завершает работу]
[2025-12-12/20/25 14-21-05] - main:63 - [INFO - Приложение завершило работу корректно]
[2025-12-12/20/25 14-21-05] - main:19 - [INFO - Приложение остановлено вручную (Ctrl+C)]
[2025-12-12/20/25 14-21-23] - logging:112 - [INFO - Логгер root_bot создан]
[2025-12-12/20/25 14-21-23] - main:47 - [INFO - Приложение запущено (Windows mode)]
[2025-12-12/20/25 14-54-23] - main:53 - [INFO - Приложение завершает работу]
[2025-12-12/20/25 14-54-23] - main:63 - [INFO - Приложение завершило работу корректно]
[2025-12-12/20/25 14-54-23] - main:19 - [INFO - Приложение остановлено вручную (Ctrl+C)]
[2025-12-12/20/25 14-54-35] - logging:112 - [INFO - Логгер root_bot создан]
[2025-12-12/20/25 14-54-35] - main:47 - [INFO - Приложение запущено (Windows mode)]
[2025-12-12/20/25 15-02-25] - main:53 - [INFO - Приложение завершает работу]
[2025-12-12/20/25 15-02-25] - main:63 - [INFO - Приложение завершило работу корректно]
[2025-12-12/20/25 15-02-25] - main:19 - [INFO - Приложение остановлено вручную (Ctrl+C)]
[2025-12-12/20/25 15-02-42] - logging:112 - [INFO - Логгер root_bot создан]
[2025-12-12/20/25 15-02-42] - main:47 - [INFO - Приложение запущено (Windows mode)]
[2025-12-12/20/25 15-50-28] - main:53 - [INFO - Приложение завершает работу]
[2025-12-12/20/25 15-50-28] - main:63 - [INFO - Приложение завершило работу корректно]
[2025-12-12/20/25 15-50-28] - main:19 - [INFO - Приложение остановлено вручную (Ctrl+C)]
[2025-12-12/20/25 15-50-57] - logging:112 - [INFO - Логгер root_bot создан]
[2025-12-12/20/25 15-50-58] - main:47 - [INFO - Приложение запущено (Windows mode)]
[2025-12-12/20/25 15-53-30] - main:53 - [INFO - Приложение завершает работу]
[2025-12-12/20/25 15-53-30] - main:63 - [INFO - Приложение завершило работу корректно]
[2025-12-12/20/25 15-53-30] - main:19 - [INFO - Приложение остановлено вручную (Ctrl+C)]
[2025-12-12/20/25 15-53-44] - logging:112 - [INFO - Логгер root_bot создан]
[2025-12-12/20/25 15-53-44] - main:47 - [INFO - Приложение запущено (Windows mode)]
[2025-12-12/20/25 15-54-16] - main:53 - [INFO - Приложение завершает работу]
[2025-12-12/20/25 15-54-16] - main:63 - [INFO - Приложение завершило работу корректно]
[2025-12-12/20/25 15-54-16] - main:19 - [INFO - Приложение остановлено вручную (Ctrl+C)]
[2025-12-12/20/25 15-55-10] - logging:112 - [INFO - Логгер root_bot создан]
[2025-12-12/20/25 15-55-10] - main:47 - [INFO - Приложение запущено (Windows mode)]
[2025-12-12/20/25 15-58-15] - main:53 - [INFO - Приложение завершает работу]
[2025-12-12/20/25 15-58-15] - main:63 - [INFO - Приложение завершило работу корректно]
[2025-12-12/20/25 15-58-15] - main:19 - [INFO - Приложение остановлено вручную (Ctrl+C)]
[2025-12-12/20/25 15-58-26] - logging:112 - [INFO - Логгер root_bot создан]
[2025-12-12/20/25 15-58-26] - main:47 - [INFO - Приложение запущено (Windows mode)]
[2025-12-12/20/25 16-00-22] - main:53 - [INFO - Приложение завершает работу]
[2025-12-12/20/25 16-00-22] - main:63 - [INFO - Приложение завершило работу корректно]
[2025-12-12/20/25 16-00-22] - main:19 - [INFO - Приложение остановлено вручную (Ctrl+C)]
[2025-12-12/20/25 16-00-35] - logging:112 - [INFO - Логгер root_bot создан]
[2025-12-12/20/25 16-00-36] - main:47 - [INFO - Приложение запущено (Windows mode)]
[2025-12-12/20/25 19-10-27] - logging:112 - [INFO - Логгер root_bot создан]
[2025-12-12/20/25 19-10-27] - main:47 - [INFO - Приложение запущено (Windows mode)]
[2025-12-12/20/25 19-35-35] - main:53 - [INFO - Приложение завершает работу]
[2025-12-12/20/25 19-35-35] - main:63 - [INFO - Приложение завершило работу корректно]
[2025-12-12/20/25 19-35-35] - main:19 - [INFO - Приложение остановлено вручную (Ctrl+C)]
[2025-12-12/20/25 19-35-55] - logging:112 - [INFO - Логгер root_bot создан]
[2025-12-12/20/25 19-35-56] - main:47 - [INFO - Приложение запущено (Windows mode)]
[2025-12-12/20/25 19-38-56] - main:53 - [INFO - Приложение завершает работу]
[2025-12-12/20/25 19-38-56] - main:63 - [INFO - Приложение завершило работу корректно]
[2025-12-12/20/25 19-38-56] - main:19 - [INFO - Приложение остановлено вручную (Ctrl+C)]
[2025-12-12/20/25 19-39-09] - logging:112 - [INFO - Логгер root_bot создан]
[2025-12-12/20/25 19-39-09] - main:47 - [INFO - Приложение запущено (Windows mode)]
[2025-12-12/20/25 19-44-39] - main:53 - [INFO - Приложение завершает работу]
[2025-12-12/20/25 19-44-39] - main:63 - [INFO - Приложение завершило работу корректно]
[2025-12-12/20/25 19-44-39] - main:19 - [INFO - Приложение остановлено вручную (Ctrl+C)]
[2025-12-12/20/25 19-51-20] - logging:112 - [INFO - Логгер root_bot создан]
[2025-12-12/20/25 19-51-20] - main:47 - [INFO - Приложение запущено (Windows mode)]
[2025-12-12/20/25 20-01-04] - main:19 - [INFO - Приложение остановлено вручную (Ctrl+C)]
[2025-12-12/20/25 20-01-04] - main:53 - [INFO - Приложение завершает работу]
[2025-12-12/20/25 20-01-04] - main:63 - [INFO - Приложение завершило работу корректно]
[2025-12-12/20/25 20-02-01] - logging:112 - [INFO - Логгер root_bot создан]
[2025-12-12/20/25 20-02-01] - main:47 - [INFO - Приложение запущено (Windows mode)]
[2025-12-12/20/25 20-14-04] - main:19 - [INFO - Приложение остановлено вручную (Ctrl+C)]
[2025-12-12/20/25 20-14-19] - logging:112 - [INFO - Логгер root_bot создан]
[2025-12-12/21/25 12-09-37] - logging:112 - [INFO - Логгер root_bot создан]
[2025-12-12/21/25 12-09-38] - main:47 - [INFO - Приложение запущено (Windows mode)]
[2025-12-12/21/25 12-13-04] - main:53 - [INFO - Приложение завершает работу]
[2025-12-12/21/25 12-13-04] - main:63 - [INFO - Приложение завершило работу корректно]
[2025-12-12/21/25 12-13-04] - main:19 - [INFO - Приложение остановлено вручную (Ctrl+C)]
[2025-12-12/21/25 12-15-48] - logging:112 - [INFO - Логгер root_bot создан]
[2025-12-12/21/25 12-15-48] - main:47 - [INFO - Приложение запущено (Windows mode)]
[2025-12-12/21/25 12-26-16] - main:53 - [INFO - Приложение завершает работу]
[2025-12-12/21/25 12-26-16] - main:63 - [INFO - Приложение завершило работу корректно]
[2025-12-12/21/25 12-26-16] - main:19 - [INFO - Приложение остановлено вручную (Ctrl+C)]
[2025-12-12/21/25 12-26-25] - logging:112 - [INFO - Логгер root_bot создан]
[2025-12-12/21/25 12-26-25] - main:47 - [INFO - Приложение запущено (Windows mode)]
[2025-12-12/21/25 12-34-37] - main:53 - [INFO - Приложение завершает работу]
[2025-12-12/21/25 12-34-37] - main:63 - [INFO - Приложение завершило работу корректно]
[2025-12-12/21/25 12-34-37] - main:19 - [INFO - Приложение остановлено вручную (Ctrl+C)]
[2025-12-12/21/25 12-34-46] - logging:112 - [INFO - Логгер root_bot создан]
[2025-12-12/21/25 12-34-46] - main:47 - [INFO - Приложение запущено (Windows mode)]
[2025-12-12/21/25 12-44-04] - main:53 - [INFO - Приложение завершает работу]
[2025-12-12/21/25 12-44-04] - main:63 - [INFO - Приложение завершило работу корректно]
[2025-12-12/21/25 12-44-04] - main:19 - [INFO - Приложение остановлено вручную (Ctrl+C)]
[2025-12-12/21/25 12-44-18] - logging:112 - [INFO - Логгер root_bot создан]
[2025-12-12/21/25 12-44-18] - main:47 - [INFO - Приложение запущено (Windows mode)]
[2025-12-12/21/25 13-21-48] - main:53 - [INFO - Приложение завершает работу]
[2025-12-12/21/25 13-21-48] - main:63 - [INFO - Приложение завершило работу корректно]
[2025-12-12/21/25 13-21-48] - main:19 - [INFO - Приложение остановлено вручную (Ctrl+C)]
[2025-12-12/21/25 13-22-00] - logging:112 - [INFO - Логгер root_bot создан]
[2025-12-12/21/25 13-22-00] - main:47 - [INFO - Приложение запущено (Windows mode)]
[2025-12-12/21/25 13-39-14] - main:53 - [INFO - Приложение завершает работу]
[2025-12-12/21/25 13-39-14] - main:63 - [INFO - Приложение завершило работу корректно]
[2025-12-12/21/25 13-39-14] - main:19 - [INFO - Приложение остановлено вручную (Ctrl+C)]
[2025-12-12/21/25 13-39-24] - logging:112 - [INFO - Логгер root_bot создан]
[2025-12-12/21/25 13-39-24] - main:47 - [INFO - Приложение запущено (Windows mode)]
[2025-12-12/21/25 13-57-20] - main:53 - [INFO - Приложение завершает работу]
[2025-12-12/21/25 13-57-20] - main:63 - [INFO - Приложение завершило работу корректно]
[2025-12-12/21/25 13-57-20] - main:19 - [INFO - Приложение остановлено вручную (Ctrl+C)]
[2025-12-12/21/25 13-57-31] - logging:112 - [INFO - Логгер root_bot создан]
[2025-12-12/21/25 13-57-31] - main:47 - [INFO - Приложение запущено (Windows mode)]
[2025-12-12/21/25 14-02-04] - main:53 - [INFO - Приложение завершает работу]
[2025-12-12/21/25 14-02-04] - main:63 - [INFO - Приложение завершило работу корректно]
[2025-12-12/21/25 14-02-04] - main:19 - [INFO - Приложение остановлено вручную (Ctrl+C)]
[2025-12-12/21/25 14-02-40] - logging:112 - [INFO - Логгер root_bot создан]
[2025-12-12/21/25 14-02-40] - main:47 - [INFO - Приложение запущено (Windows mode)]
[2025-12-12/21/25 14-04-48] - main:53 - [INFO - Приложение завершает работу]
[2025-12-12/21/25 14-04-48] - main:63 - [INFO - Приложение завершило работу корректно]
[2025-12-12/21/25 14-04-48] - main:19 - [INFO - Приложение остановлено вручную (Ctrl+C)]
[2025-12-12/21/25 14-04-57] - logging:112 - [INFO - Логгер root_bot создан]
[2025-12-12/21/25 14-04-57] - main:47 - [INFO - Приложение запущено (Windows mode)]
[2025-12-12/21/25 14-07-34] - main:53 - [INFO - Приложение завершает работу]
[2025-12-12/21/25 14-07-34] - main:63 - [INFO - Приложение завершило работу корректно]
[2025-12-12/21/25 14-07-34] - main:19 - [INFO - Приложение остановлено вручную (Ctrl+C)]
[2025-12-12/21/25 14-07-43] - logging:112 - [INFO - Логгер root_bot создан]
[2025-12-12/21/25 14-07-43] - main:47 - [INFO - Приложение запущено (Windows mode)]
[2025-12-12/21/25 14-09-13] - main:53 - [INFO - Приложение завершает работу]
[2025-12-12/21/25 14-09-13] - main:63 - [INFO - Приложение завершило работу корректно]
[2025-12-12/21/25 14-09-13] - main:19 - [INFO - Приложение остановлено вручную (Ctrl+C)]
[2025-12-12/21/25 14-09-28] - logging:112 - [INFO - Логгер root_bot создан]
[2025-12-12/21/25 14-09-28] - main:47 - [INFO - Приложение запущено (Windows mode)]
[2025-12-12/21/25 14-16-20] - main:53 - [INFO - Приложение завершает работу]
[2025-12-12/21/25 14-16-20] - main:63 - [INFO - Приложение завершило работу корректно]
[2025-12-12/21/25 14-16-20] - main:19 - [INFO - Приложение остановлено вручную (Ctrl+C)]
[2025-12-12/21/25 14-16-37] - logging:112 - [INFO - Логгер root_bot создан]
[2025-12-12/21/25 14-16-37] - main:47 - [INFO - Приложение запущено (Windows mode)]
[2025-12-12/21/25 14-19-36] - main:53 - [INFO - Приложение завершает работу]
[2025-12-12/21/25 14-19-36] - main:63 - [INFO - Приложение завершило работу корректно]
[2025-12-12/21/25 14-19-36] - main:19 - [INFO - Приложение остановлено вручную (Ctrl+C)]
[2025-12-12/21/25 14-19-46] - logging:112 - [INFO - Логгер root_bot создан]
[2025-12-12/21/25 14-19-46] - main:47 - [INFO - Приложение запущено (Windows mode)]
[2025-12-12/21/25 14-19-58] - main:19 - [INFO - Приложение остановлено вручную (Ctrl+C)]
[2025-12-12/21/25 14-19-58] - main:53 - [INFO - Приложение завершает работу]
[2025-12-12/21/25 14-19-58] - main:63 - [INFO - Приложение завершило работу корректно]
[2025-12-12/21/25 14-20-10] - logging:112 - [INFO - Логгер root_bot создан]
[2025-12-12/21/25 14-20-10] - main:47 - [INFO - Приложение запущено (Windows mode)]
[2025-12-12/21/25 14-21-54] - main:53 - [INFO - Приложение завершает работу]
[2025-12-12/21/25 14-21-54] - main:63 - [INFO - Приложение завершило работу корректно]
[2025-12-12/21/25 14-21-54] - main:19 - [INFO - Приложение остановлено вручную (Ctrl+C)]
[2025-12-12/21/25 14-22-05] - logging:112 - [INFO - Логгер root_bot создан]
[2025-12-12/21/25 14-22-05] - main:47 - [INFO - Приложение запущено (Windows mode)]
[2025-12-12/21/25 14-25-29] - main:53 - [INFO - Приложение завершает работу]
[2025-12-12/21/25 14-25-29] - main:63 - [INFO - Приложение завершило работу корректно]
[2025-12-12/21/25 14-25-29] - main:19 - [INFO - Приложение остановлено вручную (Ctrl+C)]
[2025-12-12/21/25 14-25-40] - logging:112 - [INFO - Логгер root_bot создан]
[2025-12-12/21/25 14-25-40] - main:47 - [INFO - Приложение запущено (Windows mode)]
[2025-12-12/21/25 14-28-41] - main:19 - [INFO - Приложение остановлено вручную (Ctrl+C)]
[2025-12-12/21/25 14-28-51] - logging:112 - [INFO - Логгер root_bot создан]
[2025-12-12/21/25 14-28-51] - main:47 - [INFO - Приложение запущено (Windows mode)]
[2025-12-12/21/25 14-28-52] - main:53 - [INFO - Приложение завершает работу]
[2025-12-12/21/25 14-28-52] - main:19 - [INFO - Приложение остановлено вручную (Ctrl+C)]
[2025-12-12/21/25 14-29-15] - logging:112 - [INFO - Логгер root_bot создан]
[2025-12-12/21/25 14-29-15] - main:47 - [INFO - Приложение запущено (Windows mode)]
[2025-12-12/21/25 14-31-23] - main:53 - [INFO - Приложение завершает работу]
[2025-12-12/21/25 14-31-23] - main:63 - [INFO - Приложение завершило работу корректно]
[2025-12-12/21/25 14-31-23] - main:19 - [INFO - Приложение остановлено вручную (Ctrl+C)]
[2025-12-12/21/25 14-31-32] - logging:112 - [INFO - Логгер root_bot создан]
[2025-12-12/21/25 14-31-33] - main:47 - [INFO - Приложение запущено (Windows mode)]
[2025-12-12/21/25 14-32-28] - main:19 - [INFO - Приложение остановлено вручную (Ctrl+C)]
[2025-12-12/21/25 14-32-37] - logging:112 - [INFO - Логгер root_bot создан]
[2025-12-12/21/25 14-32-37] - main:47 - [INFO - Приложение запущено (Windows mode)]
[2025-12-12/21/25 15-20-35] - main:53 - [INFO - Приложение завершает работу]
[2025-12-12/21/25 15-20-35] - main:63 - [INFO - Приложение завершило работу корректно]
[2025-12-12/21/25 15-20-35] - main:19 - [INFO - Приложение остановлено вручную (Ctrl+C)]
[2025-12-12/21/25 15-20-47] - logging:112 - [INFO - Логгер root_bot создан]
[2025-12-12/21/25 15-20-47] - main:47 - [INFO - Приложение запущено (Windows mode)]
[2025-12-12/21/25 15-22-46] - main:53 - [INFO - Приложение завершает работу]
[2025-12-12/21/25 15-22-46] - main:63 - [INFO - Приложение завершило работу корректно]
[2025-12-12/21/25 15-22-46] - main:19 - [INFO - Приложение остановлено вручную (Ctrl+C)]
[2025-12-12/21/25 15-22-59] - logging:112 - [INFO - Логгер root_bot создан]
[2025-12-12/21/25 15-22-59] - main:47 - [INFO - Приложение запущено (Windows mode)]
[2025-12-12/21/25 15-23-35] - main:19 - [INFO - Приложение остановлено вручную (Ctrl+C)]
[2025-12-12/21/25 15-23-35] - main:53 - [INFO - Приложение завершает работу]
[2025-12-12/21/25 15-23-35] - main:63 - [INFO - Приложение завершило работу корректно]
[2025-12-12/21/25 15-23-56] - logging:112 - [INFO - Логгер root_bot создан]
[2025-12-12/21/25 15-23-56] - main:47 - [INFO - Приложение запущено (Windows mode)]
[2025-12-12/21/25 15-33-30] - main:53 - [INFO - Приложение завершает работу]
[2025-12-12/21/25 15-33-30] - main:63 - [INFO - Приложение завершило работу корректно]
[2025-12-12/21/25 15-33-30] - main:19 - [INFO - Приложение остановлено вручную (Ctrl+C)]
[2025-12-12/21/25 15-53-12] - logging:112 - [INFO - Логгер root_bot создан]
[2025-12-12/21/25 15-53-12] - main:47 - [INFO - Приложение запущено (Windows mode)]
[2025-12-12/21/25 15-54-13] - main:53 - [INFO - Приложение завершает работу]
[2025-12-12/21/25 15-54-13] - main:63 - [INFO - Приложение завершило работу корректно]
[2025-12-12/21/25 15-54-13] - main:19 - [INFO - Приложение остановлено вручную (Ctrl+C)]
[2025-12-12/21/25 15-54-22] - logging:112 - [INFO - Логгер root_bot создан]
[2025-12-12/21/25 15-54-22] - main:47 - [INFO - Приложение запущено (Windows mode)]
[2025-12-12/21/25 15-56-52] - main:53 - [INFO - Приложение завершает работу]
[2025-12-12/21/25 15-56-52] - main:63 - [INFO - Приложение завершило работу корректно]
[2025-12-12/21/25 15-56-52] - main:19 - [INFO - Приложение остановлено вручную (Ctrl+C)]
[2025-12-12/21/25 15-57-01] - logging:112 - [INFO - Логгер root_bot создан]
[2025-12-12/21/25 15-57-01] - main:47 - [INFO - Приложение запущено (Windows mode)]
[2025-12-12/21/25 15-59-43] - main:53 - [INFO - Приложение завершает работу]
[2025-12-12/21/25 15-59-43] - main:63 - [INFO - Приложение завершило работу корректно]
[2025-12-12/21/25 15-59-43] - main:19 - [INFO - Приложение остановлено вручную (Ctrl+C)]
[2025-12-12/21/25 15-59-55] - logging:112 - [INFO - Логгер root_bot создан]
[2025-12-12/21/25 15-59-55] - main:47 - [INFO - Приложение запущено (Windows mode)]
[2025-12-12/21/25 16-04-27] - main:53 - [INFO - Приложение завершает работу]
[2025-12-12/21/25 16-04-27] - main:63 - [INFO - Приложение завершило работу корректно]
[2025-12-12/21/25 16-04-27] - main:19 - [INFO - Приложение остановлено вручную (Ctrl+C)]
[2025-12-12/21/25 19-12-51] - logging:112 - [INFO - Логгер root_bot создан]
[2025-12-12/21/25 19-12-51] - main:47 - [INFO - Приложение запущено (Windows mode)]
[2025-12-12/21/25 19-33-10] - main:53 - [INFO - Приложение завершает работу]
[2025-12-12/21/25 19-33-10] - main:63 - [INFO - Приложение завершило работу корректно]
[2025-12-12/21/25 19-33-10] - main:19 - [INFO - Приложение остановлено вручную (Ctrl+C)]
[2025-12-12/21/25 19-33-20] - logging:112 - [INFO - Логгер root_bot создан]
[2025-12-12/21/25 19-33-20] - main:47 - [INFO - Приложение запущено (Windows mode)]
[2025-12-12/21/25 19-33-52] - main:53 - [INFO - Приложение завершает работу]
[2025-12-12/21/25 19-33-52] - main:63 - [INFO - Приложение завершило работу корректно]
[2025-12-12/21/25 19-33-52] - main:19 - [INFO - Приложение остановлено вручную (Ctrl+C)]
[2025-12-12/21/25 19-34-02] - logging:112 - [INFO - Логгер root_bot создан]
[2025-12-12/21/25 19-34-02] - main:47 - [INFO - Приложение запущено (Windows mode)]
[2025-12-12/21/25 19-34-53] - main:19 - [INFO - Приложение остановлено вручную (Ctrl+C)]
[2025-12-12/21/25 19-34-53] - main:53 - [INFO - Приложение завершает работу]
[2025-12-12/21/25 19-34-53] - main:63 - [INFO - Приложение завершило работу корректно]
[2025-12-12/21/25 19-35-02] - logging:112 - [INFO - Логгер root_bot создан]
[2025-12-12/21/25 19-35-02] - main:47 - [INFO - Приложение запущено (Windows mode)]
[2025-12-12/21/25 19-36-52] - main:53 - [INFO - Приложение завершает работу]
[2025-12-12/21/25 19-36-52] - main:63 - [INFO - Приложение завершило работу корректно]
[2025-12-12/21/25 19-36-52] - main:19 - [INFO - Приложение остановлено вручную (Ctrl+C)]
[2025-12-12/21/25 19-44-05] - logging:112 - [INFO - Логгер root_bot создан]
[2025-12-12/21/25 19-44-15] - logging:112 - [INFO - Логгер root_bot создан]
[2025-12-12/21/25 19-44-15] - main:47 - [INFO - Приложение запущено (Windows mode)]
[2025-12-12/21/25 19-48-46] - main:53 - [INFO - Приложение завершает работу]
[2025-12-12/21/25 19-48-46] - main:63 - [INFO - Приложение завершило работу корректно]
[2025-12-12/21/25 19-48-46] - main:19 - [INFO - Приложение остановлено вручную (Ctrl+C)]
[2025-12-12/21/25 19-48-56] - logging:112 - [INFO - Логгер root_bot создан]
[2025-12-12/21/25 19-48-57] - main:47 - [INFO - Приложение запущено (Windows mode)]
[2025-12-12/21/25 20-03-26] - main:53 - [INFO - Приложение завершает работу]
[2025-12-12/21/25 20-03-26] - main:63 - [INFO - Приложение завершило работу корректно]
[2025-12-12/21/25 20-03-26] - main:19 - [INFO - Приложение остановлено вручную (Ctrl+C)]
[2025-12-12/21/25 20-03-38] - logging:112 - [INFO - Логгер root_bot создан]
[2025-12-12/21/25 20-03-39] - main:47 - [INFO - Приложение запущено (Windows mode)]
[2025-12-12/21/25 20-12-32] - main:53 - [INFO - Приложение завершает работу]
[2025-12-12/21/25 20-12-32] - main:63 - [INFO - Приложение завершило работу корректно]
[2025-12-12/21/25 20-12-32] - main:19 - [INFO - Приложение остановлено вручную (Ctrl+C)]
[2025-12-12/21/25 20-12-44] - logging:112 - [INFO - Логгер root_bot создан]
[2025-12-12/21/25 20-12-44] - main:47 - [INFO - Приложение запущено (Windows mode)]
[2025-12-12/21/25 20-22-23] - main:53 - [INFO - Приложение завершает работу]
[2025-12-12/21/25 20-22-23] - main:63 - [INFO - Приложение завершило работу корректно]
[2025-12-12/21/25 20-22-23] - main:19 - [INFO - Приложение остановлено вручную (Ctrl+C)]
[2025-12-12/21/25 20-22-44] - logging:112 - [INFO - Логгер root_bot создан]
[2025-12-12/21/25 20-22-45] - main:47 - [INFO - Приложение запущено (Windows mode)]
[2025-12-12/21/25 20-27-36] - main:53 - [INFO - Приложение завершает работу]
[2025-12-12/21/25 20-27-36] - main:63 - [INFO - Приложение завершило работу корректно]
[2025-12-12/21/25 20-27-36] - main:19 - [INFO - Приложение остановлено вручную (Ctrl+C)]
[2025-12-12/21/25 20-27-45] - logging:112 - [INFO - Логгер root_bot создан]
[2025-12-12/21/25 20-27-45] - main:47 - [INFO - Приложение запущено (Windows mode)]
[2025-12-12/22/25 12-54-12] - logging:112 - [INFO - Логгер root_bot создан]
[2025-12-12/22/25 12-54-40] - logging:112 - [INFO - Логгер root_bot создан]
[2025-12-12/22/25 13-13-02] - logging:112 - [INFO - Логгер root_bot создан]
[2025-12-12/22/25 14-08-57] - logging:112 - [INFO - Логгер root_bot создан]
[2025-12-12/22/25 14-38-35] - logging:112 - [INFO - Логгер root_bot создан]
[2025-12-12/22/25 14-57-20] - logging:112 - [INFO - Логгер root_bot создан]
[2025-12-12/22/25 14-58-15] - logging:112 - [INFO - Логгер root_bot создан]
[2025-12-12/22/25 16-11-01] - logging:112 - [INFO - Логгер root_bot создан]
[2025-12-12/22/25 16-11-58] - logging:112 - [INFO - Логгер root_bot создан]
[2025-12-12/22/25 16-12-18] - logging:112 - [INFO - Логгер root_bot создан]
[2025-12-12/22/25 16-14-22] - logging:112 - [INFO - Логгер root_bot создан]
[2025-12-12/22/25 16-14-22] - main:47 - [INFO - Приложение запущено (Windows mode)]
[2025-12-12/22/25 16-21-58] - main:53 - [INFO - Приложение завершает работу]
[2025-12-12/22/25 16-21-58] - main:63 - [INFO - Приложение завершило работу корректно]
[2025-12-12/22/25 16-21-58] - main:19 - [INFO - Приложение остановлено вручную (Ctrl+C)]
[2025-12-12/22/25 16-22-37] - logging:112 - [INFO - Логгер root_bot создан]
[2025-12-12/22/25 16-22-37] - main:47 - [INFO - Приложение запущено (Windows mode)]
[2025-12-12/22/25 16-25-48] - main:53 - [INFO - Приложение завершает работу]
[2025-12-12/22/25 16-25-48] - main:63 - [INFO - Приложение завершило работу корректно]
[2025-12-12/22/25 16-25-48] - main:19 - [INFO - Приложение остановлено вручную (Ctrl+C)]
[2025-12-12/22/25 16-26-02] - logging:112 - [INFO - Логгер root_bot создан]
[2025-12-12/22/25 16-26-02] - main:47 - [INFO - Приложение запущено (Windows mode)]
[2025-12-12/22/25 16-36-54] - main:19 - [INFO - Приложение остановлено вручную (Ctrl+C)]
[2025-12-12/22/25 16-36-55] - main:53 - [INFO - Приложение завершает работу]
[2025-12-12/22/25 16-36-55] - main:63 - [INFO - Приложение завершило работу корректно]
[2025-12-12/22/25 16-50-07] - logging:112 - [INFO - Логгер root_bot создан]
[2025-12-12/22/25 16-59-43] - logging:112 - [INFO - Логгер root_bot создан]
[2025-12-12/22/25 17-00-36] - logging:112 - [INFO - Логгер root_bot создан]
[2025-12-12/22/25 17-01-09] - logging:112 - [INFO - Логгер root_bot создан]
[2025-12-12/22/25 17-07-32] - logging:112 - [INFO - Логгер root_bot создан]
[2025-12-12/22/25 17-09-03] - logging:112 - [INFO - Логгер root_bot создан]
[2025-12-12/22/25 17-09-03] - main:47 - [INFO - Приложение запущено (Windows mode)]
[2025-12-12/22/25 17-15-59] - main:19 - [INFO - Приложение остановлено вручную (Ctrl+C)]
[2025-12-12/22/25 17-16-31] - logging:112 - [INFO - Логгер root_bot создан]
[2025-12-12/22/25 17-23-21] - logging:112 - [INFO - Логгер root_bot создан]
[2025-12-12/22/25 17-27-17] - logging:112 - [INFO - Логгер root_bot создан]
[2025-12-12/22/25 17-29-55] - logging:112 - [INFO - Логгер root_bot создан]
[2025-12-12/22/25 17-30-46] - logging:112 - [INFO - Логгер root_bot создан]
[2025-12-12/22/25 17-32-27] - logging:112 - [INFO - Логгер root_bot создан]
[2025-12-12/22/25 17-35-46] - logging:112 - [INFO - Логгер root_bot создан]
[2025-12-12/22/25 17-37-26] - logging:112 - [INFO - Логгер root_bot создан]
[2025-12-12/22/25 17-38-52] - logging:112 - [INFO - Логгер root_bot создан]
[2025-12-12/22/25 17-40-19] - logging:112 - [INFO - Логгер root_bot создан]
[2025-12-12/22/25 17-45-01] - logging:112 - [INFO - Логгер root_bot создан]
[2025-12-12/23/25 12-49-36] - logging:112 - [INFO - Логгер root_bot создан]
[2025-12-12/23/25 12-49-49] - logging:112 - [INFO - Логгер root_bot создан]
[2025-12-12/23/25 12-49-50] - main:47 - [INFO - Приложение запущено (Windows mode)]
[2025-12-12/23/25 12-50-21] - main:19 - [INFO - Приложение остановлено вручную (Ctrl+C)]
