[2025-12-12/16/25 15-20-29] - helpers:88 - [ERROR - [AUTO IMPORT ERROR] Модуль app.bot.modules.proxies.childes.webshare.router не загрузился
No module named 'app.bot.modules.proxies.childes.webshare.services.webshare'
Traceback (most recent call last):
  File "D:\ProgrammingProjects\Python\Bot\Project\BOT_PROJECT\func_store_botV1.4\src\app\error_handlers\helpers.py", line 85, in safe_import
    return importlib.import_module(module_path)
  File "C:\Programms\Python\3810\lib\importlib\__init__.py", line 127, in import_module
    return _bootstrap._gcd_import(name[level:], package, level)
  File "<frozen importlib._bootstrap>", line 1014, in _gcd_import
  File "<frozen importlib._bootstrap>", line 991, in _find_and_load
  File "<frozen importlib._bootstrap>", line 975, in _find_and_load_unlocked
  File "<frozen importlib._bootstrap>", line 671, in _load_unlocked
  File "<frozen importlib._bootstrap_external>", line 848, in exec_module
  File "<frozen importlib._bootstrap>", line 219, in _call_with_frames_removed
  File "D:\ProgrammingProjects\Python\Bot\Project\BOT_PROJECT\func_store_botV1.4\src\app\bot\modules\proxies\childes\webshare\router.py", line 50, in <module>
    module = import_module(module_name)
  File "C:\Programms\Python\3810\lib\importlib\__init__.py", line 127, in import_module
    return _bootstrap._gcd_import(name[level:], package, level)
  File "<frozen importlib._bootstrap>", line 1014, in _gcd_import
  File "<frozen importlib._bootstrap>", line 991, in _find_and_load
  File "<frozen importlib._bootstrap>", line 975, in _find_and_load_unlocked
  File "<frozen importlib._bootstrap>", line 671, in _load_unlocked
  File "<frozen importlib._bootstrap_external>", line 848, in exec_module
  File "<frozen importlib._bootstrap>", line 219, in _call_with_frames_removed
  File "D:\ProgrammingProjects\Python\Bot\Project\BOT_PROJECT\func_store_botV1.4\src\app\bot\modules\proxies\childes\webshare\handlers\webshare.py", line 9, in <module>
    from app.bot.modules.proxies.childes.webshare.services.webshare import webshare_service
ModuleNotFoundError: No module named 'app.bot.modules.proxies.childes.webshare.services.webshare'
]
[2025-12-12/17/25 19-34-14] - helpers:88 - [ERROR - [AUTO IMPORT ERROR] Модуль app.bot.modules.proxies.childes.free_proxy.router не загрузился
f-string: empty expression not allowed (free_proxy.py, line 28)
Traceback (most recent call last):
  File "D:\ProgrammingProjects\Python\Bot\Project\BOT_PROJECT\func_store_botV1.4\src\app\error_handlers\helpers.py", line 85, in safe_import
    return importlib.import_module(module_path)
  File "C:\Programms\Python\3810\lib\importlib\__init__.py", line 127, in import_module
    return _bootstrap._gcd_import(name[level:], package, level)
  File "<frozen importlib._bootstrap>", line 1014, in _gcd_import
  File "<frozen importlib._bootstrap>", line 991, in _find_and_load
  File "<frozen importlib._bootstrap>", line 975, in _find_and_load_unlocked
  File "<frozen importlib._bootstrap>", line 671, in _load_unlocked
  File "<frozen importlib._bootstrap_external>", line 848, in exec_module
  File "<frozen importlib._bootstrap>", line 219, in _call_with_frames_removed
  File "D:\ProgrammingProjects\Python\Bot\Project\BOT_PROJECT\func_store_botV1.4\src\app\bot\modules\proxies\childes\free_proxy\router.py", line 50, in <module>
    module = import_module(module_name)
  File "C:\Programms\Python\3810\lib\importlib\__init__.py", line 127, in import_module
    return _bootstrap._gcd_import(name[level:], package, level)
  File "<frozen importlib._bootstrap>", line 1014, in _gcd_import
  File "<frozen importlib._bootstrap>", line 991, in _find_and_load
  File "<frozen importlib._bootstrap>", line 975, in _find_and_load_unlocked
  File "<frozen importlib._bootstrap>", line 671, in _load_unlocked
  File "<frozen importlib._bootstrap_external>", line 848, in exec_module
  File "<frozen importlib._bootstrap>", line 219, in _call_with_frames_removed
  File "D:\ProgrammingProjects\Python\Bot\Project\BOT_PROJECT\func_store_botV1.4\src\app\bot\modules\proxies\childes\free_proxy\handlers\free_proxy.py", line 13, in <module>
    from app.bot.modules.proxies.childes.free_proxy.api.free_proxy import free_proxy_api
  File "D:\ProgrammingProjects\Python\Bot\Project\BOT_PROJECT\func_store_botV1.4\src\app\bot\modules\proxies\childes\free_proxy\api\free_proxy.py", line 28
    "title": f"Случайный {}работающий прокси",
             ^
SyntaxError: f-string: empty expression not allowed
]
[2025-12-12/17/25 20-18-23] - helpers:88 - [ERROR - [AUTO IMPORT ERROR] Модуль app.bot.modules.proxies.childes.free_proxy.router не загрузился
name 'Message' is not defined
Traceback (most recent call last):
  File "D:\ProgrammingProjects\Python\Bot\Project\BOT_PROJECT\func_store_botV1.4\src\app\error_handlers\helpers.py", line 85, in safe_import
    return importlib.import_module(module_path)
  File "C:\Programms\Python\3810\lib\importlib\__init__.py", line 127, in import_module
    return _bootstrap._gcd_import(name[level:], package, level)
  File "<frozen importlib._bootstrap>", line 1014, in _gcd_import
  File "<frozen importlib._bootstrap>", line 991, in _find_and_load
  File "<frozen importlib._bootstrap>", line 975, in _find_and_load_unlocked
  File "<frozen importlib._bootstrap>", line 671, in _load_unlocked
  File "<frozen importlib._bootstrap_external>", line 848, in exec_module
  File "<frozen importlib._bootstrap>", line 219, in _call_with_frames_removed
  File "D:\ProgrammingProjects\Python\Bot\Project\BOT_PROJECT\func_store_botV1.4\src\app\bot\modules\proxies\childes\free_proxy\router.py", line 50, in <module>
    module = import_module(module_name)
  File "C:\Programms\Python\3810\lib\importlib\__init__.py", line 127, in import_module
    return _bootstrap._gcd_import(name[level:], package, level)
  File "<frozen importlib._bootstrap>", line 1014, in _gcd_import
  File "<frozen importlib._bootstrap>", line 991, in _find_and_load
  File "<frozen importlib._bootstrap>", line 975, in _find_and_load_unlocked
  File "<frozen importlib._bootstrap>", line 671, in _load_unlocked
  File "<frozen importlib._bootstrap_external>", line 848, in exec_module
  File "<frozen importlib._bootstrap>", line 219, in _call_with_frames_removed
  File "D:\ProgrammingProjects\Python\Bot\Project\BOT_PROJECT\func_store_botV1.4\src\app\bot\modules\proxies\childes\free_proxy\handlers\free_proxy.py", line 25, in <module>
    async def get_message_is_state_spam(message: Message):
NameError: name 'Message' is not defined
]
[2025-12-12/18/25 12-13-16] - helpers:88 - [ERROR - [AUTO IMPORT ERROR] Модуль app.bot.modules.proxies.childes.free_proxy.router не загрузился
No module named 'aiogogram'
Traceback (most recent call last):
  File "D:\ProgrammingProjects\Python\Bot\Project\BOT_PROJECT\func_store_botV1.4\src\app\error_handlers\helpers.py", line 85, in safe_import
    return importlib.import_module(module_path)
  File "C:\Programms\Python\3810\lib\importlib\__init__.py", line 127, in import_module
    return _bootstrap._gcd_import(name[level:], package, level)
  File "<frozen importlib._bootstrap>", line 1014, in _gcd_import
  File "<frozen importlib._bootstrap>", line 991, in _find_and_load
  File "<frozen importlib._bootstrap>", line 975, in _find_and_load_unlocked
  File "<frozen importlib._bootstrap>", line 671, in _load_unlocked
  File "<frozen importlib._bootstrap_external>", line 848, in exec_module
  File "<frozen importlib._bootstrap>", line 219, in _call_with_frames_removed
  File "D:\ProgrammingProjects\Python\Bot\Project\BOT_PROJECT\func_store_botV1.4\src\app\bot\modules\proxies\childes\free_proxy\router.py", line 50, in <module>
    module = import_module(module_name)
  File "C:\Programms\Python\3810\lib\importlib\__init__.py", line 127, in import_module
    return _bootstrap._gcd_import(name[level:], package, level)
  File "<frozen importlib._bootstrap>", line 1014, in _gcd_import
  File "<frozen importlib._bootstrap>", line 991, in _find_and_load
  File "<frozen importlib._bootstrap>", line 975, in _find_and_load_unlocked
  File "<frozen importlib._bootstrap>", line 671, in _load_unlocked
  File "<frozen importlib._bootstrap_external>", line 848, in exec_module
  File "<frozen importlib._bootstrap>", line 219, in _call_with_frames_removed
  File "D:\ProgrammingProjects\Python\Bot\Project\BOT_PROJECT\func_store_botV1.4\src\app\bot\modules\proxies\childes\free_proxy\handlers\free_proxy.py", line 13, in <module>
    from app.bot.modules.proxies.childes.free_proxy.services.free_proxy import (
  File "D:\ProgrammingProjects\Python\Bot\Project\BOT_PROJECT\func_store_botV1.4\src\app\bot\modules\proxies\childes\free_proxy\services\free_proxy.py", line 4, in <module>
    from aiogogram.types import Message
ModuleNotFoundError: No module named 'aiogogram'
]
[2025-12-12/19/25 13-42-45] - helpers:88 - [ERROR - [AUTO IMPORT ERROR] Модуль app.bot.modules.find_image.childes.find_name_image.router не загрузился
invalid syntax (find_image_name.py, line 40)
Traceback (most recent call last):
  File "D:\ProgrammingProjects\Python\Bot\Project\BOT_PROJECT\func_store_botV1.4\src\app\error_handlers\helpers.py", line 85, in safe_import
    return importlib.import_module(module_path)
  File "C:\Programms\Python\3810\lib\importlib\__init__.py", line 127, in import_module
    return _bootstrap._gcd_import(name[level:], package, level)
  File "<frozen importlib._bootstrap>", line 1014, in _gcd_import
  File "<frozen importlib._bootstrap>", line 991, in _find_and_load
  File "<frozen importlib._bootstrap>", line 975, in _find_and_load_unlocked
  File "<frozen importlib._bootstrap>", line 671, in _load_unlocked
  File "<frozen importlib._bootstrap_external>", line 848, in exec_module
  File "<frozen importlib._bootstrap>", line 219, in _call_with_frames_removed
  File "D:\ProgrammingProjects\Python\Bot\Project\BOT_PROJECT\func_store_botV1.4\src\app\bot\modules\find_image\childes\find_name_image\router.py", line 50, in <module>
    module = import_module(module_name)
  File "C:\Programms\Python\3810\lib\importlib\__init__.py", line 127, in import_module
    return _bootstrap._gcd_import(name[level:], package, level)
  File "<frozen importlib._bootstrap>", line 1014, in _gcd_import
  File "<frozen importlib._bootstrap>", line 991, in _find_and_load
  File "<frozen importlib._bootstrap>", line 975, in _find_and_load_unlocked
  File "<frozen importlib._bootstrap>", line 671, in _load_unlocked
  File "<frozen importlib._bootstrap_external>", line 848, in exec_module
  File "<frozen importlib._bootstrap>", line 219, in _call_with_frames_removed
  File "D:\ProgrammingProjects\Python\Bot\Project\BOT_PROJECT\func_store_botV1.4\src\app\bot\modules\find_image\childes\find_name_image\handlers\find_name_image.py", line 8, in <module>
    from app.bot.modules.find_image.childes.find_name_image.services.find_image_name import (
  File "D:\ProgrammingProjects\Python\Bot\Project\BOT_PROJECT\func_store_botV1.4\src\app\bot\modules\find_image\childes\find_name_image\services\find_image_name.py", line 40
    logging_data=logging_data,
    ^
SyntaxError: invalid syntax
]
[2025-12-12/19/25 15-37-57] - helpers:88 - [ERROR - [AUTO IMPORT ERROR] Модуль app.bot.modules.find_image.childes.find_name_image.router не загрузился
invalid syntax (fni.py, line 5)
Traceback (most recent call last):
  File "D:\ProgrammingProjects\Python\Bot\Project\BOT_PROJECT\func_store_botV1.4\src\app\error_handlers\helpers.py", line 85, in safe_import
    return importlib.import_module(module_path)
  File "C:\Programms\Python\3810\lib\importlib\__init__.py", line 127, in import_module
    return _bootstrap._gcd_import(name[level:], package, level)
  File "<frozen importlib._bootstrap>", line 1014, in _gcd_import
  File "<frozen importlib._bootstrap>", line 991, in _find_and_load
  File "<frozen importlib._bootstrap>", line 975, in _find_and_load_unlocked
  File "<frozen importlib._bootstrap>", line 671, in _load_unlocked
  File "<frozen importlib._bootstrap_external>", line 848, in exec_module
  File "<frozen importlib._bootstrap>", line 219, in _call_with_frames_removed
  File "D:\ProgrammingProjects\Python\Bot\Project\BOT_PROJECT\func_store_botV1.4\src\app\bot\modules\find_image\childes\find_name_image\router.py", line 50, in <module>
    module = import_module(module_name)
  File "C:\Programms\Python\3810\lib\importlib\__init__.py", line 127, in import_module
    return _bootstrap._gcd_import(name[level:], package, level)
  File "<frozen importlib._bootstrap>", line 1014, in _gcd_import
  File "<frozen importlib._bootstrap>", line 991, in _find_and_load
  File "<frozen importlib._bootstrap>", line 975, in _find_and_load_unlocked
  File "<frozen importlib._bootstrap>", line 671, in _load_unlocked
  File "<frozen importlib._bootstrap_external>", line 848, in exec_module
  File "<frozen importlib._bootstrap>", line 219, in _call_with_frames_removed
  File "D:\ProgrammingProjects\Python\Bot\Project\BOT_PROJECT\func_store_botV1.4\src\app\bot\modules\find_image\childes\find_name_image\handlers\find_name_image.py", line 8, in <module>
    from app.bot.modules.find_image.childes.find_name_image.services.find_image_name import (
  File "D:\ProgrammingProjects\Python\Bot\Project\BOT_PROJECT\func_store_botV1.4\src\app\bot\modules\find_image\childes\find_name_image\services\find_image_name.py", line 9, in <module>
    from app.bot.modules.find_image.childes.find_name_image.api.fni import (
  File "D:\ProgrammingProjects\Python\Bot\Project\BOT_PROJECT\func_store_botV1.4\src\app\bot\modules\find_image\childes\find_name_image\api\fni.py", line 5
    from asyncio i
                 ^
SyntaxError: invalid syntax
]
[2025-12-12/19/25 19-13-25] - helpers:88 - [ERROR - [AUTO IMPORT ERROR] Модуль app.bot.modules.find_image.childes.find_name_image.router не загрузился
invalid syntax (fni.py, line 90)
Traceback (most recent call last):
  File "D:\ProgrammingProjects\Python\Bot\Project\BOT_PROJECT\func_store_botV1.4\src\app\error_handlers\helpers.py", line 85, in safe_import
    return importlib.import_module(module_path)
  File "C:\Programms\Python\3810\lib\importlib\__init__.py", line 127, in import_module
    return _bootstrap._gcd_import(name[level:], package, level)
  File "<frozen importlib._bootstrap>", line 1014, in _gcd_import
  File "<frozen importlib._bootstrap>", line 991, in _find_and_load
  File "<frozen importlib._bootstrap>", line 975, in _find_and_load_unlocked
  File "<frozen importlib._bootstrap>", line 671, in _load_unlocked
  File "<frozen importlib._bootstrap_external>", line 848, in exec_module
  File "<frozen importlib._bootstrap>", line 219, in _call_with_frames_removed
  File "D:\ProgrammingProjects\Python\Bot\Project\BOT_PROJECT\func_store_botV1.4\src\app\bot\modules\find_image\childes\find_name_image\router.py", line 50, in <module>
    module = import_module(module_name)
  File "C:\Programms\Python\3810\lib\importlib\__init__.py", line 127, in import_module
    return _bootstrap._gcd_import(name[level:], package, level)
  File "<frozen importlib._bootstrap>", line 1014, in _gcd_import
  File "<frozen importlib._bootstrap>", line 991, in _find_and_load
  File "<frozen importlib._bootstrap>", line 975, in _find_and_load_unlocked
  File "<frozen importlib._bootstrap>", line 671, in _load_unlocked
  File "<frozen importlib._bootstrap_external>", line 848, in exec_module
  File "<frozen importlib._bootstrap>", line 219, in _call_with_frames_removed
  File "D:\ProgrammingProjects\Python\Bot\Project\BOT_PROJECT\func_store_botV1.4\src\app\bot\modules\find_image\childes\find_name_image\handlers\find_name_image.py", line 8, in <module>
    from app.bot.modules.find_image.childes.find_name_image.services.find_image_name import (
  File "D:\ProgrammingProjects\Python\Bot\Project\BOT_PROJECT\func_store_botV1.4\src\app\bot\modules\find_image\childes\find_name_image\services\find_image_name.py", line 9, in <module>
    from app.bot.modules.find_image.childes.find_name_image.api.fni import (
  File "D:\ProgrammingProjects\Python\Bot\Project\BOT_PROJECT\func_store_botV1.4\src\app\bot\modules\find_image\childes\find_name_image\api\fni.py", line 90
    count,
    ^
SyntaxError: invalid syntax
]
[2025-12-12/19/25 22-26-42] - helpers:88 - [ERROR - [AUTO IMPORT ERROR] Модуль app.bot.modules.find_image.childes.find_name_image.router не загрузился
invalid syntax (fni.py, line 73)
Traceback (most recent call last):
  File "D:\ProgrammingProjects\Python\Bot\Project\BOT_PROJECT\func_store_botV1.4\src\app\error_handlers\helpers.py", line 85, in safe_import
    return importlib.import_module(module_path)
  File "C:\Programms\Python\3810\lib\importlib\__init__.py", line 127, in import_module
    return _bootstrap._gcd_import(name[level:], package, level)
  File "<frozen importlib._bootstrap>", line 1014, in _gcd_import
  File "<frozen importlib._bootstrap>", line 991, in _find_and_load
  File "<frozen importlib._bootstrap>", line 975, in _find_and_load_unlocked
  File "<frozen importlib._bootstrap>", line 671, in _load_unlocked
  File "<frozen importlib._bootstrap_external>", line 848, in exec_module
  File "<frozen importlib._bootstrap>", line 219, in _call_with_frames_removed
  File "D:\ProgrammingProjects\Python\Bot\Project\BOT_PROJECT\func_store_botV1.4\src\app\bot\modules\find_image\childes\find_name_image\router.py", line 50, in <module>
    module = import_module(module_name)
  File "C:\Programms\Python\3810\lib\importlib\__init__.py", line 127, in import_module
    return _bootstrap._gcd_import(name[level:], package, level)
  File "<frozen importlib._bootstrap>", line 1014, in _gcd_import
  File "<frozen importlib._bootstrap>", line 991, in _find_and_load
  File "<frozen importlib._bootstrap>", line 975, in _find_and_load_unlocked
  File "<frozen importlib._bootstrap>", line 671, in _load_unlocked
  File "<frozen importlib._bootstrap_external>", line 848, in exec_module
  File "<frozen importlib._bootstrap>", line 219, in _call_with_frames_removed
  File "D:\ProgrammingProjects\Python\Bot\Project\BOT_PROJECT\func_store_botV1.4\src\app\bot\modules\find_image\childes\find_name_image\handlers\find_name_image.py", line 8, in <module>
    from app.bot.modules.find_image.childes.find_name_image.services.find_image_name import (
  File "D:\ProgrammingProjects\Python\Bot\Project\BOT_PROJECT\func_store_botV1.4\src\app\bot\modules\find_image\childes\find_name_image\services\find_image_name.py", line 10, in <module>
    from app.bot.modules.find_image.childes.find_name_image.api.fni import (
  File "D:\ProgrammingProjects\Python\Bot\Project\BOT_PROJECT\func_store_botV1.4\src\app\bot\modules\find_image\childes\find_name_image\api\fni.py", line 73
    downloader_threads=4,
    ^
SyntaxError: invalid syntax
]
[2025-12-12/20/25 14-00-23] - helpers:88 - [ERROR - [AUTO IMPORT ERROR] Модуль app.bot.modules.find_image.childes.find_name_image.router не загрузился
No module named 'app.bot.modules.find_image.childes.find_name_image.api.fni'
Traceback (most recent call last):
  File "D:\ProgrammingProjects\Python\Bot\Project\BOT_PROJECT\func_store_botV1.4\src\app\error_handlers\helpers.py", line 85, in safe_import
    return importlib.import_module(module_path)
  File "C:\Programms\Python\3810\lib\importlib\__init__.py", line 127, in import_module
    return _bootstrap._gcd_import(name[level:], package, level)
  File "<frozen importlib._bootstrap>", line 1014, in _gcd_import
  File "<frozen importlib._bootstrap>", line 991, in _find_and_load
  File "<frozen importlib._bootstrap>", line 975, in _find_and_load_unlocked
  File "<frozen importlib._bootstrap>", line 671, in _load_unlocked
  File "<frozen importlib._bootstrap_external>", line 848, in exec_module
  File "<frozen importlib._bootstrap>", line 219, in _call_with_frames_removed
  File "D:\ProgrammingProjects\Python\Bot\Project\BOT_PROJECT\func_store_botV1.4\src\app\bot\modules\find_image\childes\find_name_image\router.py", line 50, in <module>
    module = import_module(module_name)
  File "C:\Programms\Python\3810\lib\importlib\__init__.py", line 127, in import_module
    return _bootstrap._gcd_import(name[level:], package, level)
  File "<frozen importlib._bootstrap>", line 1014, in _gcd_import
  File "<frozen importlib._bootstrap>", line 991, in _find_and_load
  File "<frozen importlib._bootstrap>", line 975, in _find_and_load_unlocked
  File "<frozen importlib._bootstrap>", line 671, in _load_unlocked
  File "<frozen importlib._bootstrap_external>", line 848, in exec_module
  File "<frozen importlib._bootstrap>", line 219, in _call_with_frames_removed
  File "D:\ProgrammingProjects\Python\Bot\Project\BOT_PROJECT\func_store_botV1.4\src\app\bot\modules\find_image\childes\find_name_image\handlers\find_name_image.py", line 8, in <module>
    from app.bot.modules.find_image.childes.find_name_image.services.find_image_name import (
  File "D:\ProgrammingProjects\Python\Bot\Project\BOT_PROJECT\func_store_botV1.4\src\app\bot\modules\find_image\childes\find_name_image\services\find_image_name.py", line 8, in <module>
    from app.bot.modules.find_image.childes.find_name_image.api.fni import (
ModuleNotFoundError: No module named 'app.bot.modules.find_image.childes.find_name_image.api.fni'
]
